#
# A fatal error has been detected by the Java Runtime Environment:
#
#  SIGSEGV (0xb) at pc=0x000000018c0c6de4, pid=47844, tid=71187
#
# JRE version: Java(TM) SE Runtime Environment (21.0.1+12) (build 21.0.1+12-LTS-29)
# Java VM: Java HotSpot(TM) 64-Bit Server VM (21.0.1+12-LTS-29, mixed mode, sharing, tiered, compressed oops, compressed class ptrs, g1 gc, bsd-aarch64)
# Problematic frame:
# C  [CoreVideo+0x2de4]  CVXTime::getCurrentTime(CVTimeStamp*) const+0x8c
#
# No core dump will be written. Core dumps have been disabled. To enable core dumping, try "ulimit -c unlimited" before starting Java again
#
# If you would like to submit a bug report, please visit:
#   https://bugreport.java.com/bugreport/crash.jsp
#

---------------  S U M M A R Y ------------

Command Line: -Dfile.encoding=UTF-8 -Dstdout.encoding=UTF-8 -Dstderr.encoding=UTF-8 -XX:+ShowCodeDetailsInExceptionMessages main.MainClass

Host: "MacBookPro18,1" arm64, 10 cores, 16G, Darwin 23.1.0, macOS 14.1.2 (23B92)
Time: Wed Feb 28 16:38:47 2024 +07 elapsed time: 109.431449 seconds (0d 0h 1m 49s)

---------------  T H R E A D  ---------------

Current thread is native thread

Stack: [0x000000016c068000,0x000000016c0eb000],  sp=0x000000016c0eadd0,  free space=523k
Native frames: (J=compiled Java code, j=interpreted, Vv=VM code, C=native code)
C  [CoreVideo+0x2de4]  CVXTime::getCurrentTime(CVTimeStamp*) const+0x8c
C  [CoreVideo+0x2cb4]  CVDisplayLink::getCurrentTime(CVTimeStamp*)+0x3c
C  [CoreVideo+0x2630]  CVDisplayLink::runIOThread()+0x234
C  [libsystem_pthread.dylib+0x7034]  _pthread_start+0x88

siginfo: si_signo: 11 (SIGSEGV), si_code: 2 (SEGV_ACCERR), si_addr: 0x00004668295e8458

Registers:
 x0=0x00000b6188d1a79c  x1=0xffffff03ac56b6f5  x2=0xffffff03ac56b6f5  x3=0x0000000fffffc088
 x4=0x0032690000326a00  x5=0x0000000000326a01  x6=0x0000000000000000  x7=0x0000000000a85acb
 x8=0x00004668295e82a0  x9=0xfffffffffff51959 x10=0x000000015b858e94 x11=0x000000015b858e98
x12=0x0000000000000000 x13=0x0000000000000100 x14=0x0000000000000100 x15=0x0000000000000000
x16=0x00000001836ecd14 x17=0x00000001e28c7fe0 x18=0x0000000000000000 x19=0x000000016c0eae78
x20=0x0000600001be82a0 x21=0x000000015b858e20 x22=0x000000015b858f18 x23=0x0000000000000000
x24=0x00000b6188d16f55 x25=0x00000001d88c418c x26=0x0000000000000003 x27=0x00000001d88c4190
x28=0x00000001d88c48f8  fp=0x000000016c0eade0  lr=0x000000018c0c6d94  sp=0x000000016c0eadd0
pc=0x000000018c0c6de4 cpsr=0x0000000020001000

Top of Stack: (sp=0x000000016c0eadd0)
0x000000016c0eadd0:   000000016c0eae78 000000015b858e38
0x000000016c0eade0:   000000016c0eae10 da3200018c0c6cb4
0x000000016c0eadf0:   000000015b858f18 000000015b858ed8
0x000000016c0eae00:   000000015b858e38 000000015b858e20
0x000000016c0eae10:   000000016c0eafc0 bc3a00018c0c6630
0x000000016c0eae20:   016e360000000000 00000b6188cefdc0
0x000000016c0eae30:   00000b6188d16f55 3ff0000000000000
0x000000016c0eae40:   0000000000000000 0000000000000000
0x000000016c0eae50:   0000000000000000 0000000000000000
0x000000016c0eae60:   0000000000000013 0000000000000000
0x000000016c0eae70:   0000000000000000 0000000000000000
0x000000016c0eae80:   0000000000000000 00000b6188d1a79c
0x000000016c0eae90:   0000000000000000 0000000000000000
0x000000016c0eaea0:   0000000000000000 0000000000000000
0x000000016c0eaeb0:   0000000000000000 0000000000000000
0x000000016c0eaec0:   0000000000000000 0000000000000000
0x000000016c0eaed0:   0000000000000000 000068f200000019
0x000000016c0eaee0:   ffffffff00000001 0000000000000000
0x000000016c0eaef0:   0000000065defa21 00000000000bfd2d
0x000000016c0eaf00:   0000006331740000 00000000121a0000
0x000000016c0eaf10:   000000009e81a375 0000000004376019
0x000000016c0eaf20:   000000009de5b027 00000000026a80c8
0x000000016c0eaf30:   0000619a00000001 000003d900000007
0x000000016c0eaf40:   0001c8730002d6cb 0008cbb100046033
0x000000016c0eaf50:   000000250005374a 0000001f00000004
0x000000016c0eaf60:   58cfb3c756e10029 000000018c10df97
0x000000016c0eaf70:   0000000000000000 0000000000000000
0x000000016c0eaf80:   0000000000000000 0000000000000000
0x000000016c0eaf90:   0000000000000000 0000000000000000
0x000000016c0eafa0:   0000000000000000 0000000000000000
0x000000016c0eafb0:   0000000000000000 000000016c0eb000
0x000000016c0eafc0:   000000016c0eafe0 a77d00018372d034 

Instructions: (pc=0x000000018c0c6de4)
0x000000018c0c6ce4:   f6 57 c3 a8 ff 0f 5f d6 7f 23 03 d5 f4 4f be a9
0x000000018c0c6cf4:   fd 7b 01 a9 fd 43 00 91 f3 03 01 aa 96 fc ff 97
0x000000018c0c6d04:   20 02 00 b4 10 00 40 f9 f1 03 00 aa d1 59 e8 f2
0x000000018c0c6d14:   30 1a c1 da 02 8e 4d f8 e3 03 10 aa e1 03 13 aa
0x000000018c0c6d24:   fd 7b 41 a9 f4 4f c2 a8 ff 23 03 d5 d0 07 1e ca
0x000000018c0c6d34:   50 00 f0 b6 20 8e 38 d4 f0 03 03 aa 30 01 f5 f2
0x000000018c0c6d44:   50 08 1f d7 80 40 83 12 fd 7b 41 a9 f4 4f c2 a8
0x000000018c0c6d54:   ff 0f 5f d6 7f 23 03 d5 f4 4f be a9 fd 7b 01 a9
0x000000018c0c6d64:   fd 43 00 91 f3 03 01 aa f4 03 00 aa e8 3f 26 d0
0x000000018c0c6d74:   08 e1 23 91 00 01 c0 3d 20 00 80 3d 00 85 40 ad
0x000000018c0c6d84:   02 8d 41 ad 22 8c 01 ad 20 84 00 ad 9c 15 01 94
0x000000018c0c6d94:   60 0a 00 f9 88 02 40 f9 a8 00 00 b5 c0 02 00 90
0x000000018c0c6da4:   00 ac 1e 91 19 5e 00 94 60 0a 40 f9 88 2e 40 f9
0x000000018c0c6db4:   09 01 00 cb 20 01 63 9e 00 40 61 1e 08 00 08 eb
0x000000018c0c6dc4:   01 01 63 9e 01 3c 61 1e 80 26 40 fd 08 20 60 1e
0x000000018c0c6dd4:   80 02 00 54 21 18 60 1e 21 40 65 1e 88 02 40 f9
0x000000018c0c6de4:   09 a1 5b a9 69 12 00 f9 68 06 00 b9 82 52 40 bd
0x000000018c0c6df4:   42 d8 61 7e 21 28 62 1e 22 01 62 9e 21 08 62 1e
0x000000018c0c6e04:   28 00 78 9e 68 06 00 f9 81 0a 40 fd 21 d8 61 7e
0x000000018c0c6e14:   00 18 61 1e 60 0e 00 fd 68 03 80 52 02 00 00 14
0x000000018c0c6e24:   48 00 80 52 68 22 00 f9 fd 7b 41 a9 f4 4f c2 a8
0x000000018c0c6e34:   ff 0f 5f d6 7f 23 03 d5 fd 7b bf a9 fd 03 00 91
0x000000018c0c6e44:   45 fc ff 97 60 01 00 b4 10 00 40 f9 f1 03 00 aa
0x000000018c0c6e54:   d1 59 e8 f2 30 1a c1 da 08 0e 49 f8 e9 03 10 aa
0x000000018c0c6e64:   f1 03 09 aa 51 b8 e6 f2 11 09 3f d7 04 00 00 14
0x000000018c0c6e74:   c8 02 00 b0 08 01 33 91 00 05 40 a9 fd 7b c1 a8
0x000000018c0c6e84:   ff 0f 5f d6 7f 23 03 d5 ff 83 06 d1 e9 23 13 6d
0x000000018c0c6e94:   fc 6f 14 a9 fa 67 15 a9 f8 5f 16 a9 f6 57 17 a9
0x000000018c0c6ea4:   f4 4f 18 a9 fd 7b 19 a9 fd 43 06 91 f6 03 03 aa
0x000000018c0c6eb4:   f3 03 02 aa f4 03 00 aa 1c 00 80 52 20 00 c0 3d
0x000000018c0c6ec4:   a0 03 98 3c 3b 08 40 f9 20 80 c1 3c 21 80 c2 3c
0x000000018c0c6ed4:   a0 07 3a ad 20 80 c3 3c a0 03 96 3c 15 80 07 91 



---------------  P R O C E S S  ---------------

VM state: not at safepoint (normal execution)

VM Mutex/Monitor currently owned by a thread: None

Heap address: 0x0000000700000000, size: 4096 MB, Compressed Oops mode: Zero based, Oop shift amount: 3

CDS archive(s) mapped at: [0x0000000600000000-0x0000000600ca4000-0x0000000600ca4000), size 13254656, SharedBaseAddress: 0x0000000600000000, ArchiveRelocationMode: 1.
Compressed class space mapped at: 0x0000000601000000-0x0000000641000000, reserved size: 1073741824
Narrow klass base: 0x0000000600000000, Narrow klass shift: 0, Narrow klass range: 0x100000000

GC Precious Log:
<Skipped>

Heap:
 garbage-first heap   total 264192K, used 60905K [0x0000000700000000, 0x0000000800000000)
  region size 2048K, 25 young (51200K), 1 survivors (2048K)
 Metaspace       used 8728K, committed 8960K, reserved 1114112K
  class space    used 918K, committed 1024K, reserved 1048576K

Heap Regions: E=young(eden), S=young(survivor), O=old, HS=humongous(starts), HC=humongous(continues), CS=collection set, F=free, TAMS=top-at-mark-start, PB=parsable bottom
|   0|0x0000000700000000, 0x0000000700200000, 0x0000000700200000|100%|HS|  |TAMS 0x0000000700000000| PB 0x0000000700000000| Complete 
|   1|0x0000000700200000, 0x0000000700400000, 0x0000000700400000|100%|HC|  |TAMS 0x0000000700200000| PB 0x0000000700200000| Complete 
|   2|0x0000000700400000, 0x0000000700600000, 0x0000000700600000|100%| O|  |TAMS 0x0000000700400000| PB 0x0000000700400000| Untracked 
|   3|0x0000000700600000, 0x0000000700800000, 0x0000000700800000|100%| O|  |TAMS 0x0000000700600000| PB 0x0000000700600000| Untracked 
|   4|0x0000000700800000, 0x0000000700a00000, 0x0000000700a00000|100%| O|  |TAMS 0x0000000700800000| PB 0x0000000700800000| Untracked 
|   5|0x0000000700a00000, 0x0000000700b615f0, 0x0000000700c00000| 69%| O|  |TAMS 0x0000000700a00000| PB 0x0000000700a00000| Untracked 
|   6|0x0000000700c00000, 0x0000000700c00000, 0x0000000700e00000|  0%| F|  |TAMS 0x0000000700c00000| PB 0x0000000700c00000| Untracked 
|   7|0x0000000700e00000, 0x0000000700e00000, 0x0000000701000000|  0%| F|  |TAMS 0x0000000700e00000| PB 0x0000000700e00000| Untracked 
|   8|0x0000000701000000, 0x0000000701000000, 0x0000000701200000|  0%| F|  |TAMS 0x0000000701000000| PB 0x0000000701000000| Untracked 
|   9|0x0000000701200000, 0x0000000701200000, 0x0000000701400000|  0%| F|  |TAMS 0x0000000701200000| PB 0x0000000701200000| Untracked 
|  10|0x0000000701400000, 0x0000000701400000, 0x0000000701600000|  0%| F|  |TAMS 0x0000000701400000| PB 0x0000000701400000| Untracked 
|  11|0x0000000701600000, 0x0000000701600000, 0x0000000701800000|  0%| F|  |TAMS 0x0000000701600000| PB 0x0000000701600000| Untracked 
|  12|0x0000000701800000, 0x0000000701800000, 0x0000000701a00000|  0%| F|  |TAMS 0x0000000701800000| PB 0x0000000701800000| Untracked 
|  13|0x0000000701a00000, 0x0000000701a00000, 0x0000000701c00000|  0%| F|  |TAMS 0x0000000701a00000| PB 0x0000000701a00000| Untracked 
|  14|0x0000000701c00000, 0x0000000701c00000, 0x0000000701e00000|  0%| F|  |TAMS 0x0000000701c00000| PB 0x0000000701c00000| Untracked 
|  15|0x0000000701e00000, 0x0000000701e00000, 0x0000000702000000|  0%| F|  |TAMS 0x0000000701e00000| PB 0x0000000701e00000| Untracked 
|  16|0x0000000702000000, 0x0000000702000000, 0x0000000702200000|  0%| F|  |TAMS 0x0000000702000000| PB 0x0000000702000000| Untracked 
|  17|0x0000000702200000, 0x0000000702200000, 0x0000000702400000|  0%| F|  |TAMS 0x0000000702200000| PB 0x0000000702200000| Untracked 
|  18|0x0000000702400000, 0x0000000702400000, 0x0000000702600000|  0%| F|  |TAMS 0x0000000702400000| PB 0x0000000702400000| Untracked 
|  19|0x0000000702600000, 0x0000000702600000, 0x0000000702800000|  0%| F|  |TAMS 0x0000000702600000| PB 0x0000000702600000| Untracked 
|  20|0x0000000702800000, 0x0000000702800000, 0x0000000702a00000|  0%| F|  |TAMS 0x0000000702800000| PB 0x0000000702800000| Untracked 
|  21|0x0000000702a00000, 0x0000000702a00000, 0x0000000702c00000|  0%| F|  |TAMS 0x0000000702a00000| PB 0x0000000702a00000| Untracked 
|  22|0x0000000702c00000, 0x0000000702c00000, 0x0000000702e00000|  0%| F|  |TAMS 0x0000000702c00000| PB 0x0000000702c00000| Untracked 
|  23|0x0000000702e00000, 0x0000000702e00000, 0x0000000703000000|  0%| F|  |TAMS 0x0000000702e00000| PB 0x0000000702e00000| Untracked 
|  24|0x0000000703000000, 0x0000000703000000, 0x0000000703200000|  0%| F|  |TAMS 0x0000000703000000| PB 0x0000000703000000| Untracked 
|  25|0x0000000703200000, 0x0000000703200000, 0x0000000703400000|  0%| F|  |TAMS 0x0000000703200000| PB 0x0000000703200000| Untracked 
|  26|0x0000000703400000, 0x0000000703400000, 0x0000000703600000|  0%| F|  |TAMS 0x0000000703400000| PB 0x0000000703400000| Untracked 
|  27|0x0000000703600000, 0x0000000703600000, 0x0000000703800000|  0%| F|  |TAMS 0x0000000703600000| PB 0x0000000703600000| Untracked 
|  28|0x0000000703800000, 0x0000000703800000, 0x0000000703a00000|  0%| F|  |TAMS 0x0000000703800000| PB 0x0000000703800000| Untracked 
|  29|0x0000000703a00000, 0x0000000703a00000, 0x0000000703c00000|  0%| F|  |TAMS 0x0000000703a00000| PB 0x0000000703a00000| Untracked 
|  30|0x0000000703c00000, 0x0000000703c00000, 0x0000000703e00000|  0%| F|  |TAMS 0x0000000703c00000| PB 0x0000000703c00000| Untracked 
|  31|0x0000000703e00000, 0x0000000703e00000, 0x0000000704000000|  0%| F|  |TAMS 0x0000000703e00000| PB 0x0000000703e00000| Untracked 
|  32|0x0000000704000000, 0x0000000704000000, 0x0000000704200000|  0%| F|  |TAMS 0x0000000704000000| PB 0x0000000704000000| Untracked 
|  33|0x0000000704200000, 0x0000000704200000, 0x0000000704400000|  0%| F|  |TAMS 0x0000000704200000| PB 0x0000000704200000| Untracked 
|  34|0x0000000704400000, 0x0000000704400000, 0x0000000704600000|  0%| F|  |TAMS 0x0000000704400000| PB 0x0000000704400000| Untracked 
|  35|0x0000000704600000, 0x0000000704600000, 0x0000000704800000|  0%| F|  |TAMS 0x0000000704600000| PB 0x0000000704600000| Untracked 
|  36|0x0000000704800000, 0x0000000704800000, 0x0000000704a00000|  0%| F|  |TAMS 0x0000000704800000| PB 0x0000000704800000| Untracked 
|  37|0x0000000704a00000, 0x0000000704a00000, 0x0000000704c00000|  0%| F|  |TAMS 0x0000000704a00000| PB 0x0000000704a00000| Untracked 
|  38|0x0000000704c00000, 0x0000000704c00000, 0x0000000704e00000|  0%| F|  |TAMS 0x0000000704c00000| PB 0x0000000704c00000| Untracked 
|  39|0x0000000704e00000, 0x0000000704e00000, 0x0000000705000000|  0%| F|  |TAMS 0x0000000704e00000| PB 0x0000000704e00000| Untracked 
|  40|0x0000000705000000, 0x0000000705000000, 0x0000000705200000|  0%| F|  |TAMS 0x0000000705000000| PB 0x0000000705000000| Untracked 
|  41|0x0000000705200000, 0x0000000705200000, 0x0000000705400000|  0%| F|  |TAMS 0x0000000705200000| PB 0x0000000705200000| Untracked 
|  42|0x0000000705400000, 0x0000000705400000, 0x0000000705600000|  0%| F|  |TAMS 0x0000000705400000| PB 0x0000000705400000| Untracked 
|  43|0x0000000705600000, 0x0000000705600000, 0x0000000705800000|  0%| F|  |TAMS 0x0000000705600000| PB 0x0000000705600000| Untracked 
|  44|0x0000000705800000, 0x0000000705800000, 0x0000000705a00000|  0%| F|  |TAMS 0x0000000705800000| PB 0x0000000705800000| Untracked 
|  45|0x0000000705a00000, 0x0000000705a00000, 0x0000000705c00000|  0%| F|  |TAMS 0x0000000705a00000| PB 0x0000000705a00000| Untracked 
|  46|0x0000000705c00000, 0x0000000705c00000, 0x0000000705e00000|  0%| F|  |TAMS 0x0000000705c00000| PB 0x0000000705c00000| Untracked 
|  47|0x0000000705e00000, 0x0000000705e00000, 0x0000000706000000|  0%| F|  |TAMS 0x0000000705e00000| PB 0x0000000705e00000| Untracked 
|  48|0x0000000706000000, 0x0000000706000000, 0x0000000706200000|  0%| F|  |TAMS 0x0000000706000000| PB 0x0000000706000000| Untracked 
|  49|0x0000000706200000, 0x0000000706200000, 0x0000000706400000|  0%| F|  |TAMS 0x0000000706200000| PB 0x0000000706200000| Untracked 
|  50|0x0000000706400000, 0x0000000706400000, 0x0000000706600000|  0%| F|  |TAMS 0x0000000706400000| PB 0x0000000706400000| Untracked 
|  51|0x0000000706600000, 0x0000000706600000, 0x0000000706800000|  0%| F|  |TAMS 0x0000000706600000| PB 0x0000000706600000| Untracked 
|  52|0x0000000706800000, 0x00000007068150a0, 0x0000000706a00000|  4%| S|CS|TAMS 0x0000000706800000| PB 0x0000000706800000| Complete 
|  53|0x0000000706a00000, 0x0000000706a00000, 0x0000000706c00000|  0%| F|  |TAMS 0x0000000706a00000| PB 0x0000000706a00000| Untracked 
|  54|0x0000000706c00000, 0x0000000706c00000, 0x0000000706e00000|  0%| F|  |TAMS 0x0000000706c00000| PB 0x0000000706c00000| Untracked 
|  55|0x0000000706e00000, 0x0000000706e00000, 0x0000000707000000|  0%| F|  |TAMS 0x0000000706e00000| PB 0x0000000706e00000| Untracked 
|  56|0x0000000707000000, 0x0000000707000000, 0x0000000707200000|  0%| F|  |TAMS 0x0000000707000000| PB 0x0000000707000000| Untracked 
|  57|0x0000000707200000, 0x0000000707200000, 0x0000000707400000|  0%| F|  |TAMS 0x0000000707200000| PB 0x0000000707200000| Untracked 
|  58|0x0000000707400000, 0x0000000707400000, 0x0000000707600000|  0%| F|  |TAMS 0x0000000707400000| PB 0x0000000707400000| Untracked 
|  59|0x0000000707600000, 0x0000000707600000, 0x0000000707800000|  0%| F|  |TAMS 0x0000000707600000| PB 0x0000000707600000| Untracked 
|  60|0x0000000707800000, 0x0000000707800000, 0x0000000707a00000|  0%| F|  |TAMS 0x0000000707800000| PB 0x0000000707800000| Untracked 
|  61|0x0000000707a00000, 0x0000000707a00000, 0x0000000707c00000|  0%| F|  |TAMS 0x0000000707a00000| PB 0x0000000707a00000| Untracked 
|  62|0x0000000707c00000, 0x0000000707c00000, 0x0000000707e00000|  0%| F|  |TAMS 0x0000000707c00000| PB 0x0000000707c00000| Untracked 
|  63|0x0000000707e00000, 0x0000000707e00000, 0x0000000708000000|  0%| F|  |TAMS 0x0000000707e00000| PB 0x0000000707e00000| Untracked 
|  64|0x0000000708000000, 0x0000000708000000, 0x0000000708200000|  0%| F|  |TAMS 0x0000000708000000| PB 0x0000000708000000| Untracked 
|  65|0x0000000708200000, 0x0000000708200000, 0x0000000708400000|  0%| F|  |TAMS 0x0000000708200000| PB 0x0000000708200000| Untracked 
|  66|0x0000000708400000, 0x0000000708400000, 0x0000000708600000|  0%| F|  |TAMS 0x0000000708400000| PB 0x0000000708400000| Untracked 
|  67|0x0000000708600000, 0x0000000708600000, 0x0000000708800000|  0%| F|  |TAMS 0x0000000708600000| PB 0x0000000708600000| Untracked 
|  68|0x0000000708800000, 0x0000000708800000, 0x0000000708a00000|  0%| F|  |TAMS 0x0000000708800000| PB 0x0000000708800000| Untracked 
|  69|0x0000000708a00000, 0x0000000708a00000, 0x0000000708c00000|  0%| F|  |TAMS 0x0000000708a00000| PB 0x0000000708a00000| Untracked 
|  70|0x0000000708c00000, 0x0000000708c00000, 0x0000000708e00000|  0%| F|  |TAMS 0x0000000708c00000| PB 0x0000000708c00000| Untracked 
|  71|0x0000000708e00000, 0x0000000708e00000, 0x0000000709000000|  0%| F|  |TAMS 0x0000000708e00000| PB 0x0000000708e00000| Untracked 
|  72|0x0000000709000000, 0x0000000709000000, 0x0000000709200000|  0%| F|  |TAMS 0x0000000709000000| PB 0x0000000709000000| Untracked 
|  73|0x0000000709200000, 0x0000000709200000, 0x0000000709400000|  0%| F|  |TAMS 0x0000000709200000| PB 0x0000000709200000| Untracked 
|  74|0x0000000709400000, 0x0000000709400000, 0x0000000709600000|  0%| F|  |TAMS 0x0000000709400000| PB 0x0000000709400000| Untracked 
|  75|0x0000000709600000, 0x0000000709600000, 0x0000000709800000|  0%| F|  |TAMS 0x0000000709600000| PB 0x0000000709600000| Untracked 
|  76|0x0000000709800000, 0x0000000709800000, 0x0000000709a00000|  0%| F|  |TAMS 0x0000000709800000| PB 0x0000000709800000| Untracked 
|  77|0x0000000709a00000, 0x0000000709a00000, 0x0000000709c00000|  0%| F|  |TAMS 0x0000000709a00000| PB 0x0000000709a00000| Untracked 
|  78|0x0000000709c00000, 0x0000000709c00000, 0x0000000709e00000|  0%| F|  |TAMS 0x0000000709c00000| PB 0x0000000709c00000| Untracked 
|  79|0x0000000709e00000, 0x0000000709e00000, 0x000000070a000000|  0%| F|  |TAMS 0x0000000709e00000| PB 0x0000000709e00000| Untracked 
|  80|0x000000070a000000, 0x000000070a000000, 0x000000070a200000|  0%| F|  |TAMS 0x000000070a000000| PB 0x000000070a000000| Untracked 
|  81|0x000000070a200000, 0x000000070a200000, 0x000000070a400000|  0%| F|  |TAMS 0x000000070a200000| PB 0x000000070a200000| Untracked 
|  82|0x000000070a400000, 0x000000070a400000, 0x000000070a600000|  0%| F|  |TAMS 0x000000070a400000| PB 0x000000070a400000| Untracked 
|  83|0x000000070a600000, 0x000000070a600000, 0x000000070a800000|  0%| F|  |TAMS 0x000000070a600000| PB 0x000000070a600000| Untracked 
|  84|0x000000070a800000, 0x000000070a800000, 0x000000070aa00000|  0%| F|  |TAMS 0x000000070a800000| PB 0x000000070a800000| Untracked 
|  85|0x000000070aa00000, 0x000000070aa00000, 0x000000070ac00000|  0%| F|  |TAMS 0x000000070aa00000| PB 0x000000070aa00000| Untracked 
|  86|0x000000070ac00000, 0x000000070ac00000, 0x000000070ae00000|  0%| F|  |TAMS 0x000000070ac00000| PB 0x000000070ac00000| Untracked 
|  87|0x000000070ae00000, 0x000000070ae00000, 0x000000070b000000|  0%| F|  |TAMS 0x000000070ae00000| PB 0x000000070ae00000| Untracked 
|  88|0x000000070b000000, 0x000000070b000000, 0x000000070b200000|  0%| F|  |TAMS 0x000000070b000000| PB 0x000000070b000000| Untracked 
|  89|0x000000070b200000, 0x000000070b200000, 0x000000070b400000|  0%| F|  |TAMS 0x000000070b200000| PB 0x000000070b200000| Untracked 
|  90|0x000000070b400000, 0x000000070b400000, 0x000000070b600000|  0%| F|  |TAMS 0x000000070b400000| PB 0x000000070b400000| Untracked 
|  91|0x000000070b600000, 0x000000070b600000, 0x000000070b800000|  0%| F|  |TAMS 0x000000070b600000| PB 0x000000070b600000| Untracked 
|  92|0x000000070b800000, 0x000000070b800000, 0x000000070ba00000|  0%| F|  |TAMS 0x000000070b800000| PB 0x000000070b800000| Untracked 
|  93|0x000000070ba00000, 0x000000070ba00000, 0x000000070bc00000|  0%| F|  |TAMS 0x000000070ba00000| PB 0x000000070ba00000| Untracked 
|  94|0x000000070bc00000, 0x000000070bc00000, 0x000000070be00000|  0%| F|  |TAMS 0x000000070bc00000| PB 0x000000070bc00000| Untracked 
|  95|0x000000070be00000, 0x000000070be00000, 0x000000070c000000|  0%| F|  |TAMS 0x000000070be00000| PB 0x000000070be00000| Untracked 
|  96|0x000000070c000000, 0x000000070c000000, 0x000000070c200000|  0%| F|  |TAMS 0x000000070c000000| PB 0x000000070c000000| Untracked 
|  97|0x000000070c200000, 0x000000070c200000, 0x000000070c400000|  0%| F|  |TAMS 0x000000070c200000| PB 0x000000070c200000| Untracked 
|  98|0x000000070c400000, 0x000000070c400000, 0x000000070c600000|  0%| F|  |TAMS 0x000000070c400000| PB 0x000000070c400000| Untracked 
|  99|0x000000070c600000, 0x000000070c600000, 0x000000070c800000|  0%| F|  |TAMS 0x000000070c600000| PB 0x000000070c600000| Untracked 
| 100|0x000000070c800000, 0x000000070c800000, 0x000000070ca00000|  0%| F|  |TAMS 0x000000070c800000| PB 0x000000070c800000| Untracked 
| 101|0x000000070ca00000, 0x000000070ca00000, 0x000000070cc00000|  0%| F|  |TAMS 0x000000070ca00000| PB 0x000000070ca00000| Untracked 
| 102|0x000000070cc00000, 0x000000070cc00000, 0x000000070ce00000|  0%| F|  |TAMS 0x000000070cc00000| PB 0x000000070cc00000| Untracked 
| 103|0x000000070ce00000, 0x000000070ce00000, 0x000000070d000000|  0%| F|  |TAMS 0x000000070ce00000| PB 0x000000070ce00000| Untracked 
| 104|0x000000070d000000, 0x000000070d100800, 0x000000070d200000| 50%| E|  |TAMS 0x000000070d000000| PB 0x000000070d000000| Complete 
| 105|0x000000070d200000, 0x000000070d400000, 0x000000070d400000|100%| E|CS|TAMS 0x000000070d200000| PB 0x000000070d200000| Complete 
| 106|0x000000070d400000, 0x000000070d600000, 0x000000070d600000|100%| E|CS|TAMS 0x000000070d400000| PB 0x000000070d400000| Complete 
| 107|0x000000070d600000, 0x000000070d800000, 0x000000070d800000|100%| E|CS|TAMS 0x000000070d600000| PB 0x000000070d600000| Complete 
| 108|0x000000070d800000, 0x000000070da00000, 0x000000070da00000|100%| E|CS|TAMS 0x000000070d800000| PB 0x000000070d800000| Complete 
| 109|0x000000070da00000, 0x000000070dc00000, 0x000000070dc00000|100%| E|CS|TAMS 0x000000070da00000| PB 0x000000070da00000| Complete 
| 110|0x000000070dc00000, 0x000000070de00000, 0x000000070de00000|100%| E|CS|TAMS 0x000000070dc00000| PB 0x000000070dc00000| Complete 
| 111|0x000000070de00000, 0x000000070e000000, 0x000000070e000000|100%| E|CS|TAMS 0x000000070de00000| PB 0x000000070de00000| Complete 
| 112|0x000000070e000000, 0x000000070e200000, 0x000000070e200000|100%| E|CS|TAMS 0x000000070e000000| PB 0x000000070e000000| Complete 
| 113|0x000000070e200000, 0x000000070e400000, 0x000000070e400000|100%| E|CS|TAMS 0x000000070e200000| PB 0x000000070e200000| Complete 
| 114|0x000000070e400000, 0x000000070e600000, 0x000000070e600000|100%| E|CS|TAMS 0x000000070e400000| PB 0x000000070e400000| Complete 
| 115|0x000000070e600000, 0x000000070e800000, 0x000000070e800000|100%| E|CS|TAMS 0x000000070e600000| PB 0x000000070e600000| Complete 
| 116|0x000000070e800000, 0x000000070ea00000, 0x000000070ea00000|100%| E|CS|TAMS 0x000000070e800000| PB 0x000000070e800000| Complete 
| 117|0x000000070ea00000, 0x000000070ec00000, 0x000000070ec00000|100%| E|CS|TAMS 0x000000070ea00000| PB 0x000000070ea00000| Complete 
| 118|0x000000070ec00000, 0x000000070ee00000, 0x000000070ee00000|100%| E|CS|TAMS 0x000000070ec00000| PB 0x000000070ec00000| Complete 
| 119|0x000000070ee00000, 0x000000070f000000, 0x000000070f000000|100%| E|CS|TAMS 0x000000070ee00000| PB 0x000000070ee00000| Complete 
| 120|0x000000070f000000, 0x000000070f200000, 0x000000070f200000|100%| E|CS|TAMS 0x000000070f000000| PB 0x000000070f000000| Complete 
| 121|0x000000070f200000, 0x000000070f400000, 0x000000070f400000|100%| E|CS|TAMS 0x000000070f200000| PB 0x000000070f200000| Complete 
| 122|0x000000070f400000, 0x000000070f600000, 0x000000070f600000|100%| E|CS|TAMS 0x000000070f400000| PB 0x000000070f400000| Complete 
| 123|0x000000070f600000, 0x000000070f800000, 0x000000070f800000|100%| E|CS|TAMS 0x000000070f600000| PB 0x000000070f600000| Complete 
| 124|0x000000070f800000, 0x000000070fa00000, 0x000000070fa00000|100%| E|CS|TAMS 0x000000070f800000| PB 0x000000070f800000| Complete 
| 125|0x000000070fa00000, 0x000000070fc00000, 0x000000070fc00000|100%| E|CS|TAMS 0x000000070fa00000| PB 0x000000070fa00000| Complete 
| 126|0x000000070fc00000, 0x000000070fe00000, 0x000000070fe00000|100%| E|CS|TAMS 0x000000070fc00000| PB 0x000000070fc00000| Complete 
| 127|0x000000070fe00000, 0x0000000710000000, 0x0000000710000000|100%| E|CS|TAMS 0x000000070fe00000| PB 0x000000070fe00000| Complete 
|2047|0x00000007ffe00000, 0x00000007fff03688, 0x0000000800000000| 50%| O|  |TAMS 0x00000007ffe00000| PB 0x00000007ffe00000| Untracked 

Card table byte_map: [0x0000000105ba8000,0x00000001063a8000] _byte_map_base: 0x00000001023a8000

Marking Bits: (CMBitMap*) 0x000000015a82de10
 Bits: [0x000000011e86c000, 0x000000012286c000)

Polling page: 0x0000000104e98000

Metaspace:

Usage:
  Non-class:      7.63 MB used.
      Class:    918.72 KB used.
       Both:      8.52 MB used.

Virtual space:
  Non-class space:       64.00 MB reserved,       7.75 MB ( 12%) committed,  1 nodes.
      Class space:        1.00 GB reserved,       1.00 MB ( <1%) committed,  1 nodes.
             Both:        1.06 GB reserved,       8.75 MB ( <1%) committed. 

Chunk freelists:
   Non-Class:  8.19 MB
       Class:  15.03 MB
        Both:  23.22 MB

MaxMetaspaceSize: unlimited
CompressedClassSpaceSize: 1.00 GB
Initial GC threshold: 21.00 MB
Current GC threshold: 21.00 MB
CDS: on
 - commit_granule_bytes: 65536.
 - commit_granule_words: 8192.
 - virtual_space_node_default_size: 8388608.
 - enlarge_chunks_in_place: 1.
 - use_allocation_guard: 0.


Internal statistics:

num_allocs_failed_limit: 0.
num_arena_births: 172.
num_arena_deaths: 0.
num_vsnodes_births: 2.
num_vsnodes_deaths: 0.
num_space_committed: 140.
num_space_uncommitted: 0.
num_chunks_returned_to_freelist: 0.
num_chunks_taken_from_freelist: 221.
num_chunk_merges: 0.
num_chunk_splits: 134.
num_chunks_enlarged: 71.
num_inconsistent_stats: 0.

CodeHeap 'non-profiled nmethods': size=120032Kb used=1161Kb max_used=1161Kb free=118870Kb
 bounds [0x0000000117334000, 0x00000001175a4000, 0x000000011e86c000]
CodeHeap 'profiled nmethods': size=120016Kb used=3089Kb max_used=3089Kb free=116926Kb
 bounds [0x000000010f86c000, 0x000000010fb7c000, 0x0000000116da0000]
CodeHeap 'non-nmethods': size=5712Kb used=1464Kb max_used=1531Kb free=4247Kb
 bounds [0x0000000116da0000, 0x0000000117010000, 0x0000000117334000]
 total_blobs=2458 nmethods=1819 adapters=548
 compilation: enabled
              stopped_count=0, restarted_count=0
 full_count=0

Compilation events (20 events):
Event: 57.064 Thread 0x000000015b02c000 1815       4       sun.java2d.pipe.PixelToParallelogramConverter::drawRectangle (359 bytes)
Event: 57.073 Thread 0x000000015b02c000 nmethod 1815 0x0000000117448f10 code [0x0000000117449200, 0x000000011744a4e8]
Event: 57.931 Thread 0x000000015b02c000 1816       4       sun.lwawt.LWComponentPeer::applyConstrain (39 bytes)
Event: 57.948 Thread 0x000000015b02c000 nmethod 1816 0x000000011744b390 code [0x000000011744b740, 0x000000011744d3e0]
Event: 57.948 Thread 0x000000015b02c000 1817       4       sun.lwawt.LWComponentPeer::localToWindow (22 bytes)
Event: 57.949 Thread 0x000000015b02c000 nmethod 1817 0x000000011744e710 code [0x000000011744e8c0, 0x000000011744ebf8]
Event: 57.949 Thread 0x000000015b02c000 1818       4       sun.lwawt.LWContainerPeer::getVisibleRegion (10 bytes)
Event: 57.954 Thread 0x000000015b02c000 nmethod 1818 0x000000011744ee90 code [0x000000011744f0c0, 0x000000011744fcf0]
Event: 57.954 Thread 0x000000015b02c000 1819       4       sun.java2d.pipe.DrawImage::scaleImage (488 bytes)
Event: 57.958 Thread 0x000000015b02c000 nmethod 1819 0x0000000117450410 code [0x0000000117450740, 0x00000001174515e8]
Event: 62.781 Thread 0x000000015b02c800 1820       3       javax.swing.SwingUtilities::computeUnion (149 bytes)
Event: 62.781 Thread 0x000000015b02c800 nmethod 1820 0x000000010fb70110 code [0x000000010fb702c0, 0x000000010fb70508]
Event: 65.714 Thread 0x000000015b02c000 1821   !   4       javax.swing.JComponent::paintChildren (684 bytes)
Event: 65.715 Thread 0x000000015b02c000 nmethod 1821 0x0000000117452610 code [0x00000001174527c0, 0x0000000117452a28]
Event: 102.248 Thread 0x000000015b02c000 1822       4       java.lang.ref.WeakReference::<init> (6 bytes)
Event: 102.249 Thread 0x000000015b02c000 nmethod 1822 0x0000000117452c10 code [0x0000000117452dc0, 0x0000000117453058]
Event: 102.249 Thread 0x000000015b02c000 1823       4       sun.java2d.pipe.BufferedContext::validate (575 bytes)
Event: 102.261 Thread 0x000000015b02c000 nmethod 1823 0x0000000117453110 code [0x0000000117453500, 0x0000000117455490]
Event: 102.261 Thread 0x000000015b02c000 1824       4       sun.java2d.SurfaceData::markDirty (8 bytes)
Event: 102.261 Thread 0x000000015b02c000 nmethod 1824 0x0000000117456190 code [0x0000000117456300, 0x0000000117456408]

GC Heap History (12 events):
Event: 3.873 GC heap before
{Heap before GC invocations=0 (full 0):
 garbage-first heap   total 264192K, used 25613K [0x0000000700000000, 0x0000000800000000)
  region size 2048K, 11 young (22528K), 0 survivors (0K)
 Metaspace       used 8405K, committed 8640K, reserved 1114112K
  class space    used 900K, committed 1024K, reserved 1048576K
}
Event: 3.875 GC heap after
{Heap after GC invocations=1 (full 0):
 garbage-first heap   total 264192K, used 10172K [0x0000000700000000, 0x0000000800000000)
  region size 2048K, 2 young (4096K), 2 survivors (4096K)
 Metaspace       used 8405K, committed 8640K, reserved 1114112K
  class space    used 900K, committed 1024K, reserved 1048576K
}
Event: 9.183 GC heap before
{Heap before GC invocations=1 (full 0):
 garbage-first heap   total 264192K, used 51132K [0x0000000700000000, 0x0000000800000000)
  region size 2048K, 22 young (45056K), 2 survivors (4096K)
 Metaspace       used 8561K, committed 8768K, reserved 1114112K
  class space    used 900K, committed 1024K, reserved 1048576K
}
Event: 9.185 GC heap after
{Heap after GC invocations=2 (full 0):
 garbage-first heap   total 264192K, used 12964K [0x0000000700000000, 0x0000000800000000)
  region size 2048K, 1 young (2048K), 1 survivors (2048K)
 Metaspace       used 8561K, committed 8768K, reserved 1114112K
  class space    used 900K, committed 1024K, reserved 1048576K
}
Event: 32.723 GC heap before
{Heap before GC invocations=2 (full 0):
 garbage-first heap   total 264192K, used 166564K [0x0000000700000000, 0x0000000800000000)
  region size 2048K, 76 young (155648K), 1 survivors (2048K)
 Metaspace       used 8728K, committed 8960K, reserved 1114112K
  class space    used 918K, committed 1024K, reserved 1048576K
}
Event: 32.723 GC heap after
{Heap after GC invocations=3 (full 0):
 garbage-first heap   total 264192K, used 12825K [0x0000000700000000, 0x0000000800000000)
  region size 2048K, 1 young (2048K), 1 survivors (2048K)
 Metaspace       used 8728K, committed 8960K, reserved 1114112K
  class space    used 918K, committed 1024K, reserved 1048576K
}
Event: 55.948 GC heap before
{Heap before GC invocations=3 (full 0):
 garbage-first heap   total 264192K, used 166425K [0x0000000700000000, 0x0000000800000000)
  region size 2048K, 76 young (155648K), 1 survivors (2048K)
 Metaspace       used 8728K, committed 8960K, reserved 1114112K
  class space    used 918K, committed 1024K, reserved 1048576K
}
Event: 55.948 GC heap after
{Heap after GC invocations=4 (full 0):
 garbage-first heap   total 264192K, used 12783K [0x0000000700000000, 0x0000000800000000)
  region size 2048K, 1 young (2048K), 1 survivors (2048K)
 Metaspace       used 8728K, committed 8960K, reserved 1114112K
  class space    used 918K, committed 1024K, reserved 1048576K
}
Event: 79.123 GC heap before
{Heap before GC invocations=4 (full 0):
 garbage-first heap   total 264192K, used 166383K [0x0000000700000000, 0x0000000800000000)
  region size 2048K, 76 young (155648K), 1 survivors (2048K)
 Metaspace       used 8728K, committed 8960K, reserved 1114112K
  class space    used 918K, committed 1024K, reserved 1048576K
}
Event: 79.123 GC heap after
{Heap after GC invocations=5 (full 0):
 garbage-first heap   total 264192K, used 12775K [0x0000000700000000, 0x0000000800000000)
  region size 2048K, 1 young (2048K), 1 survivors (2048K)
 Metaspace       used 8728K, committed 8960K, reserved 1114112K
  class space    used 918K, committed 1024K, reserved 1048576K
}
Event: 102.248 GC heap before
{Heap before GC invocations=5 (full 0):
 garbage-first heap   total 264192K, used 166375K [0x0000000700000000, 0x0000000800000000)
  region size 2048K, 76 young (155648K), 1 survivors (2048K)
 Metaspace       used 8728K, committed 8960K, reserved 1114112K
  class space    used 918K, committed 1024K, reserved 1048576K
}
Event: 102.248 GC heap after
{Heap after GC invocations=6 (full 0):
 garbage-first heap   total 264192K, used 12775K [0x0000000700000000, 0x0000000800000000)
  region size 2048K, 1 young (2048K), 1 survivors (2048K)
 Metaspace       used 8728K, committed 8960K, reserved 1114112K
  class space    used 918K, committed 1024K, reserved 1048576K
}

Dll operation events (9 events):
Event: 0.004 Loaded shared library /Library/Java/JavaVirtualMachines/jdk-21.jdk/Contents/Home/lib/libjava.dylib
Event: 0.024 Loaded shared library /Library/Java/JavaVirtualMachines/jdk-21.jdk/Contents/Home/lib/libnio.dylib
Event: 0.025 Loaded shared library /Library/Java/JavaVirtualMachines/jdk-21.jdk/Contents/Home/lib/libjimage.dylib
Event: 0.036 Loaded shared library /Library/Java/JavaVirtualMachines/jdk-21.jdk/Contents/Home/lib/libawt.dylib
Event: 0.038 Loaded shared library /Library/Java/JavaVirtualMachines/jdk-21.jdk/Contents/Home/lib/libawt_lwawt.dylib
Event: 0.075 Loaded shared library /Library/Java/JavaVirtualMachines/jdk-21.jdk/Contents/Home/lib/libnet.dylib
Event: 0.081 Loaded shared library /Library/Java/JavaVirtualMachines/jdk-21.jdk/Contents/Home/lib/libzip.dylib
Event: 0.156 Loaded shared library /Library/Java/JavaVirtualMachines/jdk-21.jdk/Contents/Home/lib/libfontmanager.dylib
Event: 0.255 Loaded shared library /Library/Java/JavaVirtualMachines/jdk-21.jdk/Contents/Home/lib/libosxui.dylib

Deoptimization events (20 events):
Event: 4.156 Thread 0x000000014a814a00 DEOPT PACKING pc=0x000000010facea80 sp=0x000000016dd29820
Event: 4.156 Thread 0x000000014a814a00 DEOPT UNPACKING pc=0x0000000116de2e7c sp=0x000000016dd294d0 mode 0
Event: 8.706 Thread 0x000000014a814a00 Uncommon trap: trap_request=0xffffff45 fr.pc=0x00000001173af7f0 relative=0x0000000000000330
Event: 8.706 Thread 0x000000014a814a00 Uncommon trap: reason=unstable_if action=reinterpret pc=0x00000001173af7f0 method=tiles.TileManager.draw(Ljava/awt/Graphics;)V @ 94 c2
Event: 8.706 Thread 0x000000014a814a00 DEOPT PACKING pc=0x00000001173af7f0 sp=0x000000016dd29950
Event: 8.706 Thread 0x000000014a814a00 DEOPT UNPACKING pc=0x0000000116de301c sp=0x000000016dd298a0 mode 2
Event: 8.707 Thread 0x000000014a814a00 Uncommon trap: trap_request=0xffffff45 fr.pc=0x00000001173ae538 relative=0x0000000000000378
Event: 8.707 Thread 0x000000014a814a00 Uncommon trap: reason=unstable_if action=reinterpret pc=0x00000001173ae538 method=tiles.TileManager.draw(Ljava/awt/Graphics;)V @ 94 c2
Event: 8.707 Thread 0x000000014a814a00 DEOPT PACKING pc=0x00000001173ae538 sp=0x000000016dd29950
Event: 8.707 Thread 0x000000014a814a00 DEOPT UNPACKING pc=0x0000000116de301c sp=0x000000016dd298a0 mode 2
Event: 8.992 Thread 0x000000014a814a00 DEOPT PACKING pc=0x000000010fb3ba00 sp=0x000000016dd29910
Event: 8.993 Thread 0x000000014a814a00 DEOPT UNPACKING pc=0x0000000116de2e7c sp=0x000000016dd295b0 mode 0
Event: 15.440 Thread 0x000000014a814a00 Uncommon trap: trap_request=0xffffff45 fr.pc=0x00000001173c64d8 relative=0x0000000000000098
Event: 15.440 Thread 0x000000014a814a00 Uncommon trap: reason=unstable_if action=reinterpret pc=0x00000001173c64d8 method=sun.awt.SunToolkit.getAppContext(Ljava/lang/Object;)Lsun/awt/AppContext; @ 4 c2
Event: 15.440 Thread 0x000000014a814a00 DEOPT PACKING pc=0x00000001173c64d8 sp=0x000000016dd29c00
Event: 15.440 Thread 0x000000014a814a00 DEOPT UNPACKING pc=0x0000000116de301c sp=0x000000016dd29b90 mode 2
Event: 102.248 Thread 0x000000014a814a00 Uncommon trap: trap_request=0xfffffff4 fr.pc=0x0000000117396a88 relative=0x0000000000001d08
Event: 102.248 Thread 0x000000014a814a00 Uncommon trap: reason=null_check action=make_not_entrant pc=0x0000000117396a88 method=sun.java2d.pipe.BufferedContext.validate(Lsun/java2d/pipe/hw/AccelSurface;Lsun/java2d/pipe/hw/AccelSurface;Lsun/java2d/pipe/Region;Ljava/awt/Composite;Ljava/awt/geom/Aff
Event: 102.248 Thread 0x000000014a814a00 DEOPT PACKING pc=0x0000000117396a88 sp=0x000000016dd2a4c0
Event: 102.248 Thread 0x000000014a814a00 DEOPT UNPACKING pc=0x0000000116de301c sp=0x000000016dd2a420 mode 2

Classes loaded (20 events):
Event: 3.537 Loading class java/awt/Frame$AccessibleAWTFrame done
Event: 3.537 Loading class javax/swing/JFrame$AccessibleJFrame done
Event: 3.673 Loading class java/awt/image/BufferedImageOp
Event: 3.673 Loading class java/awt/image/BufferedImageOp done
Event: 14.391 Loading class java/awt/LightweightDispatcher$2
Event: 14.391 Loading class java/awt/LightweightDispatcher$2 done
Event: 15.440 Loading class javax/accessibility/AccessibleState
Event: 15.440 Loading class javax/accessibility/AccessibleState done
Event: 15.440 Loading class javax/swing/JMenu
Event: 15.440 Loading class javax/swing/MenuElement
Event: 15.441 Loading class javax/swing/MenuElement done
Event: 15.441 Loading class javax/swing/JMenuItem
Event: 15.441 Loading class javax/swing/AbstractButton
Event: 15.441 Loading class java/awt/ItemSelectable
Event: 15.441 Loading class java/awt/ItemSelectable done
Event: 15.441 Loading class javax/swing/AbstractButton done
Event: 15.441 Loading class javax/swing/JMenuItem done
Event: 15.441 Loading class javax/swing/JMenu done
Event: 23.406 Loading class java/security/DomainCombiner
Event: 23.406 Loading class java/security/DomainCombiner done

Classes unloaded (0 events):
No events

Classes redefined (0 events):
No events

Internal exceptions (20 events):
Event: 0.154 Thread 0x000000014b808200 Exception <a 'java/lang/NoSuchMethodError'{0x000000070f34b128}: 'void java.lang.invoke.DirectMethodHandle$Holder.invokeSpecial(java.lang.Object, java.lang.Object, java.lang.Object)'> (0x000000070f34b128) 
thrown [open/src/hotspot/share/interpreter/linkResolver.cpp, line 773]
Event: 0.155 Thread 0x000000014b808200 Exception <a 'java/lang/ClassNotFoundException'{0x000000070f351550}: sun/awt/resources/spi/awtosxProvider> (0x000000070f351550) 
thrown [open/src/hotspot/share/classfile/systemDictionary.cpp, line 312]
Event: 0.258 Thread 0x000000014b808200 Exception <a 'java/lang/NoSuchMethodError'{0x000000070f3661c8}: 'void java.lang.invoke.DirectMethodHandle$Holder.invokeStaticInit(java.lang.Object)'> (0x000000070f3661c8) 
thrown [open/src/hotspot/share/interpreter/linkResolver.cpp, line 773]
Event: 0.264 Thread 0x000000014b808200 Exception <a 'java/lang/NoSuchMethodError'{0x000000070f3fa048}: 'java.lang.Object java.lang.invoke.DirectMethodHandle$Holder.newInvokeSpecial(java.lang.Object, java.lang.Object, java.lang.Object, java.lang.Object, java.lang.Object)'> (0x000000070f3fa048) 
thrown [open/src/hotspot/share/interpreter/linkResolver.cpp, line 773]
Event: 0.267 Thread 0x000000014b808200 Exception <a 'java/lang/NoSuchMethodError'{0x000000070f0263c0}: 'java.lang.Object java.lang.invoke.DirectMethodHandle$Holder.invokeStatic(java.lang.Object, int, java.lang.Object)'> (0x000000070f0263c0) 
thrown [open/src/hotspot/share/interpreter/linkResolver.cpp, line 773]
Event: 0.269 Thread 0x000000014b808200 Exception <a 'java/lang/ClassNotFoundException'{0x000000070f052578}: com/apple/laf/resources/spi/aquaProvider> (0x000000070f052578) 
thrown [open/src/hotspot/share/classfile/systemDictionary.cpp, line 312]
Event: 0.290 Thread 0x000000014b808200 Exception <a 'java/lang/ClassNotFoundException'{0x000000070f0c3858}: com/sun/swing/internal/plaf/basic/resources/spi/basicProvider> (0x000000070f0c3858) 
thrown [open/src/hotspot/share/classfile/systemDictionary.cpp, line 312]
Event: 0.299 Thread 0x000000014b808200 Exception <a 'java/lang/NoSuchMethodError'{0x000000070f0f2100}: 'int java.lang.invoke.Invokers$Holder.invokeExact_MT(java.lang.Object, java.lang.Object)'> (0x000000070f0f2100) 
thrown [open/src/hotspot/share/interpreter/linkResolver.cpp, line 773]
Event: 0.302 Thread 0x000000014b808200 Exception <a 'java/lang/NoSuchMethodError'{0x000000070f108d18}: 'void java.lang.invoke.Invokers$Holder.invokeExact_MT(java.lang.Object, java.lang.Object, java.lang.Object, java.lang.Object)'> (0x000000070f108d18) 
thrown [open/src/hotspot/share/interpreter/linkResolver.cpp, line 773]
Event: 0.307 Thread 0x000000014b808200 Exception <a 'java/lang/NoSuchMethodError'{0x000000070f1189a0}: 'java.lang.Object java.lang.invoke.DirectMethodHandle$Holder.newInvokeSpecial(java.lang.Object, java.lang.Object, java.lang.Object, int, java.lang.Object)'> (0x000000070f1189a0) 
thrown [open/src/hotspot/share/interpreter/linkResolver.cpp, line 773]
Event: 0.307 Thread 0x000000014b808200 Exception <a 'java/lang/NoSuchMethodError'{0x000000070f11fd98}: 'java.lang.Object java.lang.invoke.Invokers$Holder.linkToTargetMethod(java.lang.Object, java.lang.Object, int, java.lang.Object, java.lang.Object)'> (0x000000070f11fd98) 
thrown [open/src/hotspot/share/interpreter/linkResolver.cpp, line 773]
Event: 0.319 Thread 0x000000014b808200 Exception <a 'java/lang/NoSuchMethodError'{0x000000070f123d10}: 'void java.lang.invoke.DirectMethodHandle$Holder.invokeStatic(java.lang.Object, int, long)'> (0x000000070f123d10) 
thrown [open/src/hotspot/share/interpreter/linkResolver.cpp, line 773]
Event: 0.322 Thread 0x000000014a814a00 Exception <a 'java/lang/NoSuchMethodError'{0x000000070f153a20}: 'void java.lang.invoke.DirectMethodHandle$Holder.invokeStatic(java.lang.Object, long)'> (0x000000070f153a20) 
thrown [open/src/hotspot/share/interpreter/linkResolver.cpp, line 773]
Event: 0.326 Thread 0x000000014b808200 Exception <a 'java/lang/NoSuchMethodError'{0x000000070f144878}: 'java.lang.Object java.lang.invoke.Invokers$Holder.linkToTargetMethod(int, int, int, int, java.lang.Object)'> (0x000000070f144878) 
thrown [open/src/hotspot/share/interpreter/linkResolver.cpp, line 773]
Event: 0.327 Thread 0x000000014b808200 Exception <a 'java/lang/NoSuchMethodError'{0x000000070f147ea8}: 'void java.lang.invoke.DirectMethodHandle$Holder.invokeStatic(java.lang.Object, java.lang.Object, long)'> (0x000000070f147ea8) 
thrown [open/src/hotspot/share/interpreter/linkResolver.cpp, line 773]
Event: 0.334 Thread 0x000000014b834800 Exception <a 'java/lang/NoSuchMethodError'{0x000000070f3bf330}: 'void java.lang.invoke.DirectMethodHandle$Holder.invokeSpecial(java.lang.Object, java.lang.Object, long)'> (0x000000070f3bf330) 
thrown [open/src/hotspot/share/interpreter/linkResolver.cpp, line 773]
Event: 0.352 Thread 0x000000014b808200 Exception <a 'java/lang/NoSuchMethodError'{0x000000070ee09338}: 'void java.lang.invoke.DirectMethodHandle$Holder.invokeStatic(java.lang.Object, long, long)'> (0x000000070ee09338) 
thrown [open/src/hotspot/share/interpreter/linkResolver.cpp, line 773]
Event: 0.353 Thread 0x000000014b808200 Exception <a 'java/lang/NoSuchMethodError'{0x000000070ee0e0e8}: 'java.lang.Object java.lang.invoke.DirectMethodHandle$Holder.newInvokeSpecial(java.lang.Object, long)'> (0x000000070ee0e0e8) 
thrown [open/src/hotspot/share/interpreter/linkResolver.cpp, line 773]
Event: 0.353 Thread 0x000000014b808200 Exception <a 'java/lang/NoSuchMethodError'{0x000000070ee17420}: 'java.lang.Object java.lang.invoke.DirectMethodHandle$Holder.newInvokeSpecial(java.lang.Object, java.lang.Object, int)'> (0x000000070ee17420) 
thrown [open/src/hotspot/share/interpreter/linkResolver.cpp, line 773]
Event: 102.248 Thread 0x000000014a814a00 Implicit null exception at 0x0000000117394f60 to 0x0000000117396a6c

ZGC Phase Switch (0 events):
No events

VM Operations (20 events):
Event: 33.734 Executing VM operation: Cleanup
Event: 33.734 Executing VM operation: Cleanup done
Event: 37.763 Executing VM operation: Cleanup
Event: 37.763 Executing VM operation: Cleanup done
Event: 41.788 Executing VM operation: Cleanup
Event: 41.788 Executing VM operation: Cleanup done
Event: 45.821 Executing VM operation: Cleanup
Event: 45.821 Executing VM operation: Cleanup done
Event: 49.847 Executing VM operation: Cleanup
Event: 49.847 Executing VM operation: Cleanup done
Event: 55.948 Executing VM operation: G1CollectForAllocation (G1 Evacuation Pause)
Event: 55.948 Executing VM operation: G1CollectForAllocation (G1 Evacuation Pause) done
Event: 60.256 Executing VM operation: HandshakeAllThreads (HandshakeForDeflation)
Event: 60.256 Executing VM operation: HandshakeAllThreads (HandshakeForDeflation) done
Event: 60.256 Executing VM operation: RendezvousGCThreads
Event: 60.256 Executing VM operation: RendezvousGCThreads done
Event: 79.123 Executing VM operation: G1CollectForAllocation (G1 Evacuation Pause)
Event: 79.123 Executing VM operation: G1CollectForAllocation (G1 Evacuation Pause) done
Event: 102.248 Executing VM operation: G1CollectForAllocation (G1 Evacuation Pause)
Event: 102.248 Executing VM operation: G1CollectForAllocation (G1 Evacuation Pause) done

Events (20 events):
Event: 0.017 Thread 0x000000014b832a00 Thread added: 0x000000014b832a00
Event: 0.017 Protecting memory [0x000000016cfd4000,0x000000016cfe0000] with protection modes 0
Event: 0.018 Thread 0x000000012d008200 Thread added: 0x000000012d008200
Event: 0.018 Protecting memory [0x000000016d1e0000,0x000000016d1ec000] with protection modes 0
Event: 0.078 Thread 0x000000012a813200 Thread added: 0x000000012a813200
Event: 0.078 Protecting memory [0x000000016d3ec000,0x000000016d3f8000] with protection modes 0
Event: 0.158 Protecting memory [0x000000016a780000,0x000000016a78c000] with protection modes 0
Event: 0.158 Thread 0x000000014b834800 Thread added: 0x000000014b834800
Event: 0.190 Thread 0x000000015b84fa00 Thread added: 0x000000015b84fa00
Event: 0.190 Protecting memory [0x000000016d5f8000,0x000000016d604000] with protection modes 0
Event: 0.286 Thread 0x000000015a89bc00 Thread added: 0x000000015a89bc00
Event: 0.286 Protecting memory [0x000000016d91c000,0x000000016d928000] with protection modes 0
Event: 0.321 Thread 0x000000014a814a00 Thread added: 0x000000014a814a00
Event: 0.321 Protecting memory [0x000000016db28000,0x000000016db34000] with protection modes 0
Event: 0.381 Thread 0x000000015b096000 Thread added: 0x000000015b096000
Event: 0.381 Protecting memory [0x000000016de4c000,0x000000016de58000] with protection modes 0
Event: 0.381 Protecting memory [0x000000016b008000,0x000000016b014000] with protection modes 3
Event: 0.381 Thread 0x000000014b808200 Thread exited: 0x000000014b808200
Event: 0.381 Protecting memory [0x000000016b008000,0x000000016b014000] with protection modes 0
Event: 0.381 Thread 0x000000012a873c00 Thread added: 0x000000012a873c00


Dynamic libraries:
0x0000000105308000 	/Library/Java/JavaVirtualMachines/jdk-21.jdk/Contents/Home/lib/libjli.dylib
0x000000019d35a000 	/System/Library/Frameworks/Cocoa.framework/Versions/A/Cocoa
0x0000000186fa9000 	/System/Library/Frameworks/AppKit.framework/Versions/C/AppKit
0x0000000189fd3000 	/System/Library/Frameworks/CoreData.framework/Versions/A/CoreData
0x00000001848b6000 	/System/Library/Frameworks/Foundation.framework/Versions/C/Foundation
0x000000018ff81000 	/usr/lib/libSystem.B.dylib
0x00000001882be000 	/System/Library/PrivateFrameworks/UIFoundation.framework/Versions/A/UIFoundation
0x00000001f80c7000 	/System/Library/PrivateFrameworks/CollectionViewCore.framework/Versions/A/CollectionViewCore
0x00000001970b6000 	/System/Library/PrivateFrameworks/RemoteViewServices.framework/Versions/A/RemoteViewServices
0x000000018e02c000 	/System/Library/PrivateFrameworks/XCTTargetBootstrap.framework/Versions/A/XCTTargetBootstrap
0x0000000192569000 	/System/Library/PrivateFrameworks/InternationalSupport.framework/Versions/A/InternationalSupport
0x00000001925f0000 	/System/Library/PrivateFrameworks/UserActivity.framework/Versions/A/UserActivity
0x000000021a55b000 	/System/Library/PrivateFrameworks/WindowManagement.framework/Versions/A/WindowManagement
0x0000000184540000 	/System/Library/Frameworks/SystemConfiguration.framework/Versions/A/SystemConfiguration
0x0000000191a0c000 	/usr/lib/libspindump.dylib
0x0000000188472000 	/System/Library/Frameworks/UniformTypeIdentifiers.framework/Versions/A/UniformTypeIdentifiers
0x000000018bf8a000 	/usr/lib/libapp_launch_measurement.dylib
0x000000018b399000 	/System/Library/PrivateFrameworks/CoreAnalytics.framework/Versions/A/CoreAnalytics
0x000000018bf91000 	/System/Library/PrivateFrameworks/CoreAutoLayout.framework/Versions/A/CoreAutoLayout
0x000000018d85b000 	/System/Library/Frameworks/Metal.framework/Versions/A/Metal
0x000000018e79a000 	/usr/lib/liblangid.dylib
0x000000018e032000 	/System/Library/PrivateFrameworks/CoreSVG.framework/Versions/A/CoreSVG
0x0000000188e2d000 	/System/Library/PrivateFrameworks/SkyLight.framework/Versions/A/SkyLight
0x00000001892bf000 	/System/Library/Frameworks/CoreGraphics.framework/Versions/A/CoreGraphics
0x00000001977fe000 	/System/Library/Frameworks/Accelerate.framework/Versions/A/Accelerate
0x000000019186a000 	/System/Library/PrivateFrameworks/IconServices.framework/Versions/A/IconServices
0x000000018d839000 	/System/Library/Frameworks/IOSurface.framework/Versions/A/IOSurface
0x000000018b3c8000 	/usr/lib/libDiagnosticMessagesClient.dylib
0x000000018fec5000 	/usr/lib/libz.1.dylib
0x000000019aed4000 	/System/Library/Frameworks/ApplicationServices.framework/Versions/A/ApplicationServices
0x000000018e014000 	/System/Library/PrivateFrameworks/DFRFoundation.framework/Versions/A/DFRFoundation
0x0000000186816000 	/usr/lib/libicucore.A.dylib
0x00000001935ca000 	/System/Library/Frameworks/AudioToolbox.framework/Versions/A/AudioToolbox
0x0000000192575000 	/System/Library/PrivateFrameworks/DataDetectorsCore.framework/Versions/A/DataDetectorsCore
0x00000001ab4d7000 	/System/Library/PrivateFrameworks/TextInput.framework/Versions/A/TextInput
0x0000000188d80000 	/usr/lib/libMobileGestalt.dylib
0x000000018dd54000 	/System/Library/Frameworks/Carbon.framework/Versions/A/Frameworks/HIToolbox.framework/Versions/A/HIToolbox
0x000000018b89a000 	/System/Library/Frameworks/QuartzCore.framework/Versions/A/QuartzCore
0x0000000186454000 	/System/Library/Frameworks/Security.framework/Versions/A/Security
0x00000001970f6000 	/System/Library/Frameworks/Carbon.framework/Versions/A/Frameworks/SpeechRecognition.framework/Versions/A/SpeechRecognition
0x000000018bcb8000 	/System/Library/PrivateFrameworks/CoreUI.framework/Versions/A/CoreUI
0x0000000185d66000 	/System/Library/Frameworks/CoreAudio.framework/Versions/A/CoreAudio
0x000000018b4ac000 	/System/Library/Frameworks/DiskArbitration.framework/Versions/A/DiskArbitration
0x0000000191e62000 	/System/Library/PrivateFrameworks/MultitouchSupport.framework/Versions/A/MultitouchSupport
0x0000000188d7e000 	/usr/lib/libenergytrace.dylib
0x00000001a1329000 	/System/Library/PrivateFrameworks/RenderBox.framework/Versions/A/RenderBox
0x0000000186e60000 	/System/Library/Frameworks/IOKit.framework/Versions/A/IOKit
0x00000001974fa000 	/System/Library/Frameworks/CoreServices.framework/Versions/A/CoreServices
0x000000018bf16000 	/System/Library/PrivateFrameworks/PerformanceAnalysis.framework/Versions/A/PerformanceAnalysis
0x00000001eb63e000 	/System/Library/Frameworks/OpenGL.framework/Versions/A/OpenGL
0x000000018bfdb000 	/usr/lib/libxml2.2.dylib
0x000000018f3c7000 	/System/Library/PrivateFrameworks/MobileKeyBag.framework/Versions/A/MobileKeyBag
0x000000018335c000 	/usr/lib/libobjc.A.dylib
0x0000000183645000 	/usr/lib/libc++.1.dylib
0x0000000197477000 	/System/Library/Frameworks/Accessibility.framework/Versions/A/Accessibility
0x000000018999c000 	/System/Library/Frameworks/ColorSync.framework/Versions/A/ColorSync
0x000000018378c000 	/System/Library/Frameworks/CoreFoundation.framework/Versions/A/CoreFoundation
0x000000018e387000 	/System/Library/Frameworks/CoreImage.framework/Versions/A/CoreImage
0x0000000185b72000 	/System/Library/Frameworks/CoreText.framework/Versions/A/CoreText
0x00000001ede5a000 	/System/Library/Frameworks/CoreTransferable.framework/Versions/A/CoreTransferable
0x00000001ee33c000 	/System/Library/Frameworks/DeveloperToolsSupport.framework/Versions/A/DeveloperToolsSupport
0x000000018e06d000 	/System/Library/Frameworks/ImageIO.framework/Versions/A/ImageIO
0x00000001f2abd000 	/System/Library/Frameworks/Symbols.framework/Versions/A/Symbols
0x000000018ff87000 	/System/Library/PrivateFrameworks/SoftLinking.framework/Versions/A/SoftLinking
0x0000000192f9d000 	/usr/lib/swift/libswiftCore.dylib
0x00000001a828a000 	/usr/lib/swift/libswiftCoreFoundation.dylib
0x00000001a6059000 	/usr/lib/swift/libswiftCoreGraphics.dylib
0x00000001a82d6000 	/usr/lib/swift/libswiftCoreImage.dylib
0x00000001a6060000 	/usr/lib/swift/libswiftDarwin.dylib
0x0000000198b61000 	/usr/lib/swift/libswiftDispatch.dylib
0x00000001a82d7000 	/usr/lib/swift/libswiftIOKit.dylib
0x00000001b3c2a000 	/usr/lib/swift/libswiftMetal.dylib
0x00000001c054f000 	/usr/lib/swift/libswiftOSLog.dylib
0x000000019b33b000 	/usr/lib/swift/libswiftObjectiveC.dylib
0x00000001b7892000 	/usr/lib/swift/libswiftQuartzCore.dylib
0x00000001bb8b2000 	/usr/lib/swift/libswiftUniformTypeIdentifiers.dylib
0x00000001a82a0000 	/usr/lib/swift/libswiftXPC.dylib
0x00000002228e4000 	/usr/lib/swift/libswift_Concurrency.dylib
0x000000019b33f000 	/usr/lib/swift/libswiftos.dylib
0x00000001ab43b000 	/usr/lib/swift/libswiftsimd.dylib
0x0000000190134000 	/usr/lib/libcompression.dylib
0x00000001924c3000 	/System/Library/PrivateFrameworks/TextureIO.framework/Versions/A/TextureIO
0x000000019151d000 	/usr/lib/libate.dylib
0x000000018ff7b000 	/usr/lib/system/libcache.dylib
0x000000018ff37000 	/usr/lib/system/libcommonCrypto.dylib
0x000000018ff62000 	/usr/lib/system/libcompiler_rt.dylib
0x000000018ff58000 	/usr/lib/system/libcopyfile.dylib
0x00000001834a7000 	/usr/lib/system/libcorecrypto.dylib
0x000000018357c000 	/usr/lib/system/libdispatch.dylib
0x0000000183733000 	/usr/lib/system/libdyld.dylib
0x000000018ff71000 	/usr/lib/system/libkeymgr.dylib
0x000000018ff0f000 	/usr/lib/system/libmacho.dylib
0x000000018f4ac000 	/usr/lib/system/libquarantine.dylib
0x000000018ff6e000 	/usr/lib/system/libremovefile.dylib
0x0000000188df4000 	/usr/lib/system/libsystem_asl.dylib
0x0000000183440000 	/usr/lib/system/libsystem_blocks.dylib
0x00000001835c6000 	/usr/lib/system/libsystem_c.dylib
0x000000018ff66000 	/usr/lib/system/libsystem_collections.dylib
0x000000018e789000 	/usr/lib/system/libsystem_configuration.dylib
0x000000018d80f000 	/usr/lib/system/libsystem_containermanager.dylib
0x000000018fbb2000 	/usr/lib/system/libsystem_coreservices.dylib
0x0000000186acf000 	/usr/lib/system/libsystem_darwin.dylib
0x0000000222c0e000 	/usr/lib/system/libsystem_darwindirectory.dylib
0x000000018ff72000 	/usr/lib/system/libsystem_dnssd.dylib
0x00000001835c3000 	/usr/lib/system/libsystem_featureflags.dylib
0x000000018375f000 	/usr/lib/system/libsystem_info.dylib
0x000000018fed4000 	/usr/lib/system/libsystem_m.dylib
0x0000000183545000 	/usr/lib/system/libsystem_malloc.dylib
0x0000000188d64000 	/usr/lib/system/libsystem_networkextension.dylib
0x0000000186f41000 	/usr/lib/system/libsystem_notify.dylib
0x000000018e78e000 	/usr/lib/system/libsystem_sandbox.dylib
0x000000018ff6b000 	/usr/lib/system/libsystem_secinit.dylib
0x00000001836eb000 	/usr/lib/system/libsystem_kernel.dylib
0x0000000183758000 	/usr/lib/system/libsystem_platform.dylib
0x0000000183726000 	/usr/lib/system/libsystem_pthread.dylib
0x000000018a7ab000 	/usr/lib/system/libsystem_symptoms.dylib
0x000000018348c000 	/usr/lib/system/libsystem_trace.dylib
0x000000018ff45000 	/usr/lib/system/libunwind.dylib
0x0000000183445000 	/usr/lib/system/libxpc.dylib
0x00000001836d3000 	/usr/lib/libc++abi.dylib
0x000000018ff50000 	/usr/lib/liboah.dylib
0x00000001913d0000 	/usr/lib/liblzma.5.dylib
0x000000018ff83000 	/usr/lib/libfakelink.dylib
0x0000000188993000 	/System/Library/Frameworks/CFNetwork.framework/Versions/A/CFNetwork
0x000000018ffd7000 	/usr/lib/libarchive.2.dylib
0x00000001953f7000 	/System/Library/Frameworks/Combine.framework/Versions/A/Combine
0x00000001f80db000 	/System/Library/PrivateFrameworks/CollectionsInternal.framework/Versions/A/CollectionsInternal
0x000000020dc1e000 	/System/Library/PrivateFrameworks/ReflectionInternal.framework/Versions/A/ReflectionInternal
0x000000020e20a000 	/System/Library/PrivateFrameworks/RuntimeInternal.framework/Versions/A/RuntimeInternal
0x0000000222a2d000 	/usr/lib/swift/libswift_StringProcessing.dylib
0x0000000186ddf000 	/System/Library/PrivateFrameworks/CoreServicesInternal.framework/Versions/A/CoreServicesInternal
0x000000018f4d3000 	/usr/lib/libbsm.0.dylib
0x000000018ff17000 	/usr/lib/system/libkxld.dylib
0x000000018bf52000 	/System/Library/Frameworks/CoreServices.framework/Versions/A/Frameworks/FSEvents.framework/Versions/A/FSEvents
0x0000000186ada000 	/System/Library/Frameworks/CoreServices.framework/Versions/A/Frameworks/CarbonCore.framework/Versions/A/CarbonCore
0x000000018b411000 	/System/Library/Frameworks/CoreServices.framework/Versions/A/Frameworks/Metadata.framework/Versions/A/Metadata
0x000000018fbb8000 	/System/Library/Frameworks/CoreServices.framework/Versions/A/Frameworks/OSServices.framework/Versions/A/OSServices
0x0000000190060000 	/System/Library/Frameworks/CoreServices.framework/Versions/A/Frameworks/SearchKit.framework/Versions/A/SearchKit
0x000000018a72d000 	/System/Library/Frameworks/CoreServices.framework/Versions/A/Frameworks/AE.framework/Versions/A/AE
0x0000000183c64000 	/System/Library/Frameworks/CoreServices.framework/Versions/A/Frameworks/LaunchServices.framework/Versions/A/LaunchServices
0x0000000191379000 	/System/Library/Frameworks/CoreServices.framework/Versions/A/Frameworks/DictionaryServices.framework/Versions/A/DictionaryServices
0x000000018bf5f000 	/System/Library/Frameworks/CoreServices.framework/Versions/A/Frameworks/SharedFileList.framework/Versions/A/SharedFileList
0x00000001900ff000 	/usr/lib/libapple_nghttp2.dylib
0x000000018a3c3000 	/usr/lib/libsqlite3.dylib
0x000000018a7b4000 	/System/Library/Frameworks/Network.framework/Versions/A/Network
0x0000000221382000 	/usr/lib/libCoreEntitlements.dylib
0x00000002090b1000 	/System/Library/PrivateFrameworks/MessageSecurity.framework/Versions/A/MessageSecurity
0x000000018a3a9000 	/System/Library/PrivateFrameworks/ProtocolBuffer.framework/Versions/A/ProtocolBuffer
0x000000018fae1000 	/System/Library/PrivateFrameworks/AppleFSCompression.framework/Versions/A/AppleFSCompression
0x000000018f4bb000 	/usr/lib/libcoretls.dylib
0x00000001913e9000 	/usr/lib/libcoretls_cfhelpers.dylib
0x000000019012e000 	/usr/lib/libpam.2.dylib
0x000000019145a000 	/usr/lib/libxar.1.dylib
0x0000000191841000 	/usr/lib/libheimdal-asn1.dylib
0x0000000188992000 	/usr/lib/libnetwork.dylib
0x000000018ff88000 	/usr/lib/libpcap.A.dylib
0x000000018a7a1000 	/usr/lib/libdns_services.dylib
0x000000018e796000 	/System/Library/PrivateFrameworks/AppleSystemInfo.framework/Versions/A/AppleSystemInfo
0x000000018f1bd000 	/System/Library/PrivateFrameworks/IOMobileFramebuffer.framework/Versions/A/IOMobileFramebuffer
0x0000000222981000 	/usr/lib/swift/libswift_RegexParser.dylib
0x000000018fba5000 	/usr/lib/libbz2.1.0.dylib
0x000000018f4af000 	/usr/lib/libCheckFix.dylib
0x0000000188e0c000 	/System/Library/PrivateFrameworks/TCC.framework/Versions/A/TCC
0x000000018e79c000 	/System/Library/PrivateFrameworks/CoreNLP.framework/Versions/A/CoreNLP
0x000000018b3ca000 	/System/Library/PrivateFrameworks/MetadataUtilities.framework/Versions/A/MetadataUtilities
0x000000018f4e5000 	/usr/lib/libmecab.dylib
0x00000001845d3000 	/usr/lib/libCRFSuite.dylib
0x000000018f541000 	/usr/lib/libgermantok.dylib
0x00000001900d7000 	/usr/lib/libThaiTokenizer.dylib
0x000000018b4b5000 	/System/Library/Frameworks/Accelerate.framework/Versions/A/Frameworks/vImage.framework/Versions/A/vImage
0x00000001974d1000 	/System/Library/Frameworks/Accelerate.framework/Versions/A/Frameworks/vecLib.framework/Versions/A/vecLib
0x00000001914a1000 	/System/Library/Frameworks/Accelerate.framework/Versions/A/Frameworks/vecLib.framework/Versions/A/libvMisc.dylib
0x000000018f099000 	/System/Library/Frameworks/Accelerate.framework/Versions/A/Frameworks/vecLib.framework/Versions/A/libvDSP.dylib
0x0000000184062000 	/System/Library/Frameworks/Accelerate.framework/Versions/A/Frameworks/vecLib.framework/Versions/A/libBLAS.dylib
0x0000000190207000 	/System/Library/Frameworks/Accelerate.framework/Versions/A/Frameworks/vecLib.framework/Versions/A/libLAPACK.dylib
0x000000018f544000 	/System/Library/Frameworks/Accelerate.framework/Versions/A/Frameworks/vecLib.framework/Versions/A/libLinearAlgebra.dylib
0x0000000190119000 	/System/Library/Frameworks/Accelerate.framework/Versions/A/Frameworks/vecLib.framework/Versions/A/libSparseBLAS.dylib
0x0000000190202000 	/System/Library/Frameworks/Accelerate.framework/Versions/A/Frameworks/vecLib.framework/Versions/A/libQuadrature.dylib
0x000000018e8be000 	/System/Library/Frameworks/Accelerate.framework/Versions/A/Frameworks/vecLib.framework/Versions/A/libBNNS.dylib
0x00000001844d9000 	/System/Library/Frameworks/Accelerate.framework/Versions/A/Frameworks/vecLib.framework/Versions/A/libSparse.dylib
0x00000002078e4000 	/System/Library/PrivateFrameworks/MIL.framework/Versions/A/MIL
0x000000018ffbe000 	/usr/lib/libiconv.2.dylib
0x000000018ff0b000 	/usr/lib/libcharset.1.dylib
0x000000018bf32000 	/System/Library/Frameworks/OpenDirectory.framework/Versions/A/Frameworks/CFOpenDirectory.framework/Versions/A/CFOpenDirectory
0x000000018bf22000 	/System/Library/Frameworks/OpenDirectory.framework/Versions/A/OpenDirectory
0x00000001913eb000 	/System/Library/PrivateFrameworks/APFS.framework/Versions/A/APFS
0x000000018f3ed000 	/System/Library/Frameworks/SecurityFoundation.framework/Versions/A/SecurityFoundation
0x0000000191469000 	/usr/lib/libutil.dylib
0x0000000205ba7000 	/System/Library/PrivateFrameworks/InstalledContentLibrary.framework/Versions/A/InstalledContentLibrary
0x0000000186e1f000 	/System/Library/PrivateFrameworks/CoreServicesStore.framework/Versions/A/CoreServicesStore
0x00000001f5ce7000 	/System/Library/PrivateFrameworks/AppleMobileFileIntegrity.framework/Versions/A/AppleMobileFileIntegrity
0x00000001a8269000 	/usr/lib/libmis.dylib
0x00000001b7d59000 	/System/Library/PrivateFrameworks/MobileSystemServices.framework/Versions/A/MobileSystemServices
0x00000001e8a41000 	/System/Library/PrivateFrameworks/ConfigProfileHelper.framework/Versions/A/ConfigProfileHelper
0x00000001900d9000 	/System/Library/PrivateFrameworks/AppleSauce.framework/Versions/A/AppleSauce
0x0000000185504000 	/System/Library/PrivateFrameworks/LanguageModeling.framework/Versions/A/LanguageModeling
0x000000019146d000 	/usr/lib/libxslt.1.dylib
0x000000018ffc5000 	/usr/lib/libcmph.dylib
0x000000018f18a000 	/System/Library/PrivateFrameworks/CoreEmoji.framework/Versions/A/CoreEmoji
0x000000018e8b8000 	/System/Library/PrivateFrameworks/LinguisticData.framework/Versions/A/LinguisticData
0x00000001843ec000 	/System/Library/PrivateFrameworks/Lexicon.framework/Versions/A/Lexicon
0x000000018f47b000 	/System/Library/PrivateFrameworks/BackgroundTaskManagement.framework/Versions/A/BackgroundTaskManagement
0x000000022156b000 	/usr/lib/libTLE.dylib
0x0000000191d28000 	/System/Library/PrivateFrameworks/AppleJPEG.framework/Versions/A/AppleJPEG
0x0000000191826000 	/usr/lib/libexpat.1.dylib
0x0000000192322000 	/System/Library/Frameworks/ImageIO.framework/Versions/A/Resources/libPng.dylib
0x000000019234d000 	/System/Library/Frameworks/ImageIO.framework/Versions/A/Resources/libTIFF.dylib
0x0000000192438000 	/System/Library/Frameworks/ImageIO.framework/Versions/A/Resources/libGIF.dylib
0x0000000191d6e000 	/System/Library/Frameworks/ImageIO.framework/Versions/A/Resources/libJP2.dylib
0x00000001923dd000 	/System/Library/Frameworks/ImageIO.framework/Versions/A/Resources/libJPEG.dylib
0x00000001923d4000 	/System/Library/Frameworks/ImageIO.framework/Versions/A/Resources/libRadiance.dylib
0x000000018dbef000 	/System/Library/PrivateFrameworks/FontServices.framework/libFontParser.dylib
0x000000018a6cb000 	/System/Library/PrivateFrameworks/RunningBoardServices.framework/Versions/A/RunningBoardServices
0x000000019dbd6000 	/System/Library/PrivateFrameworks/IOSurfaceAccelerator.framework/Versions/A/IOSurfaceAccelerator
0x0000000191e5e000 	/System/Library/PrivateFrameworks/WatchdogClient.framework/Versions/A/WatchdogClient
0x00000001856e7000 	/System/Library/Frameworks/CoreDisplay.framework/Versions/A/CoreDisplay
0x000000018daa9000 	/System/Library/Frameworks/CoreMedia.framework/Versions/A/CoreMedia
0x000000018d851000 	/System/Library/PrivateFrameworks/IOAccelerator.framework/Versions/A/IOAccelerator
0x000000018c0c4000 	/System/Library/Frameworks/CoreVideo.framework/Versions/A/CoreVideo
0x000000019012c000 	/System/Library/Frameworks/MetalPerformanceShaders.framework/Versions/A/MetalPerformanceShaders
0x0000000191ea1000 	/System/Library/Frameworks/VideoToolbox.framework/Versions/A/VideoToolbox
0x000000018c15f000 	/System/Library/PrivateFrameworks/UserManagement.framework/Versions/A/UserManagement
0x000000018a5fa000 	/System/Library/PrivateFrameworks/BaseBoard.framework/Versions/A/BaseBoard
0x000000018e794000 	/System/Library/PrivateFrameworks/AggregateDictionary.framework/Versions/A/AggregateDictionary
0x00000001f5c67000 	/System/Library/PrivateFrameworks/AppleKeyStore.framework/Versions/A/AppleKeyStore
0x00000001923cf000 	/System/Library/PrivateFrameworks/GPUWrangler.framework/Versions/A/GPUWrangler
0x00000001923af000 	/System/Library/PrivateFrameworks/IOPresentment.framework/Versions/A/IOPresentment
0x00000001923d7000 	/System/Library/PrivateFrameworks/DSExternalDisplay.framework/Versions/A/DSExternalDisplay
0x0000000201d58000 	/System/Library/PrivateFrameworks/GPUCompiler.framework/Versions/32023/Libraries/libllvm-flatbuffers.dylib
0x00000001eb631000 	/System/Library/Frameworks/OpenGL.framework/Versions/A/Libraries/libCoreFSCache.dylib
0x00000001fea14000 	/System/Library/PrivateFrameworks/GPUCompiler.framework/Versions/32023/Libraries/libGPUCompilerUtils.dylib
0x000000019243e000 	/System/Library/PrivateFrameworks/CMCaptureCore.framework/Versions/A/CMCaptureCore
0x00000001ee441000 	/System/Library/Frameworks/ExtensionFoundation.framework/Versions/A/ExtensionFoundation
0x000000019939a000 	/System/Library/PrivateFrameworks/CoreTime.framework/Versions/A/CoreTime
0x00000001919f7000 	/System/Library/PrivateFrameworks/AppServerSupport.framework/Versions/A/AppServerSupport
0x0000000193f49000 	/System/Library/PrivateFrameworks/perfdata.framework/Versions/A/perfdata
0x000000018580b000 	/System/Library/PrivateFrameworks/AudioToolboxCore.framework/Versions/A/AudioToolboxCore
0x000000018da7f000 	/System/Library/PrivateFrameworks/caulk.framework/Versions/A/caulk
0x00000001937c4000 	/usr/lib/libAudioStatistics.dylib
0x00000001a7607000 	/System/Library/PrivateFrameworks/SystemPolicy.framework/Versions/A/SystemPolicy
0x0000000193a9c000 	/usr/lib/libSMC.dylib
0x000000019d1e9000 	/System/Library/Frameworks/CoreMIDI.framework/Versions/A/CoreMIDI
0x00000001922e9000 	/usr/lib/libAudioToolboxUtility.dylib
0x00000001a2fb9000 	/System/Library/PrivateFrameworks/OSAServicesClient.framework/Versions/A/OSAServicesClient
0x0000000193f57000 	/usr/lib/libperfcheck.dylib
0x0000000191710000 	/System/Library/PrivateFrameworks/PlugInKit.framework/Versions/A/PlugInKit
0x000000018f3df000 	/System/Library/PrivateFrameworks/AssertionServices.framework/Versions/A/AssertionServices
0x000000019c303000 	/System/Library/PrivateFrameworks/ASEProcessing.framework/Versions/A/ASEProcessing
0x00000001c38c9000 	/System/Library/PrivateFrameworks/Symbolication.framework/Versions/A/Symbolication
0x000000020cc9f000 	/System/Library/PrivateFrameworks/PhotosensitivityProcessing.framework/Versions/A/PhotosensitivityProcessing
0x00000001919a9000 	/System/Library/PrivateFrameworks/GraphVisualizer.framework/Versions/A/GraphVisualizer
0x00000001eb693000 	/System/Library/Frameworks/OpenGL.framework/Versions/A/Libraries/libGLU.dylib
0x00000001eb652000 	/System/Library/Frameworks/OpenGL.framework/Versions/A/Libraries/libGFXShared.dylib
0x00000001eb82b000 	/System/Library/Frameworks/OpenGL.framework/Versions/A/Libraries/libGL.dylib
0x00000001eb65b000 	/System/Library/Frameworks/OpenGL.framework/Versions/A/Libraries/libGLImage.dylib
0x00000001eb64f000 	/System/Library/Frameworks/OpenGL.framework/Versions/A/Libraries/libCVMSPluginSupport.dylib
0x0000000221524000 	/usr/lib/libRosetta.dylib
0x00000001eb638000 	/System/Library/Frameworks/OpenGL.framework/Versions/A/Libraries/libCoreVMClient.dylib
0x00000001fcc36000 	/System/Library/PrivateFrameworks/FontServices.framework/Versions/A/FontServices
0x00000001919b5000 	/System/Library/PrivateFrameworks/OTSVG.framework/Versions/A/OTSVG
0x000000018bc66000 	/System/Library/Frameworks/ApplicationServices.framework/Versions/A/Frameworks/ATS.framework/Versions/A/Resources/libFontRegistry.dylib
0x0000000191a01000 	/System/Library/PrivateFrameworks/FontServices.framework/libhvf.dylib
0x00000001fcc37000 	/System/Library/PrivateFrameworks/FontServices.framework/libXTFontStaticRegistryData.dylib
0x000000018e70b000 	/System/Library/Frameworks/MetalPerformanceShaders.framework/Versions/A/Frameworks/MPSCore.framework/Versions/A/MPSCore
0x000000018fa54000 	/System/Library/Frameworks/MetalPerformanceShaders.framework/Versions/A/Frameworks/MPSImage.framework/Versions/A/MPSImage
0x000000018f559000 	/System/Library/Frameworks/MetalPerformanceShaders.framework/Versions/A/Frameworks/MPSNeuralNetwork.framework/Versions/A/MPSNeuralNetwork
0x000000018f947000 	/System/Library/Frameworks/MetalPerformanceShaders.framework/Versions/A/Frameworks/MPSMatrix.framework/Versions/A/MPSMatrix
0x000000018f753000 	/System/Library/Frameworks/MetalPerformanceShaders.framework/Versions/A/Frameworks/MPSRayIntersector.framework/Versions/A/MPSRayIntersector
0x000000018f976000 	/System/Library/Frameworks/MetalPerformanceShaders.framework/Versions/A/Frameworks/MPSNDArray.framework/Versions/A/MPSNDArray
0x00000001f0353000 	/System/Library/Frameworks/MetalPerformanceShaders.framework/Versions/A/Frameworks/MPSFunctions.framework/Versions/A/MPSFunctions
0x00000001f0335000 	/System/Library/Frameworks/MetalPerformanceShaders.framework/Versions/A/Frameworks/MPSBenchmarkLoop.framework/Versions/A/MPSBenchmarkLoop
0x0000000183f17000 	/System/Library/PrivateFrameworks/MetalTools.framework/Versions/A/MetalTools
0x00000001ac5f3000 	/System/Library/PrivateFrameworks/IOAccelMemoryInfo.framework/Versions/A/IOAccelMemoryInfo
0x00000001b7c66000 	/System/Library/PrivateFrameworks/kperf.framework/Versions/A/kperf
0x00000001a827d000 	/System/Library/PrivateFrameworks/GPURawCounter.framework/Versions/A/GPURawCounter
0x000000019928a000 	/System/Library/PrivateFrameworks/CoreSymbolication.framework/Versions/A/CoreSymbolication
0x00000001a823a000 	/System/Library/PrivateFrameworks/MallocStackLogging.framework/Versions/A/MallocStackLogging
0x00000001915b7000 	/System/Library/PrivateFrameworks/CrashReporterSupport.framework/Versions/A/CrashReporterSupport
0x0000000199245000 	/System/Library/PrivateFrameworks/DebugSymbols.framework/Versions/A/DebugSymbols
0x00000001b6fb9000 	/System/Library/PrivateFrameworks/OSAnalytics.framework/Versions/A/OSAnalytics
0x0000000218a95000 	/System/Library/PrivateFrameworks/VideoToolboxParavirtualizationSupport.framework/Versions/A/VideoToolboxParavirtualizationSupport
0x00000001917da000 	/System/Library/PrivateFrameworks/AppleVA.framework/Versions/A/AppleVA
0x000000019380c000 	/System/Library/Frameworks/ApplicationServices.framework/Versions/A/Frameworks/ATS.framework/Versions/A/ATS
0x0000000189b4b000 	/System/Library/Frameworks/ApplicationServices.framework/Versions/A/Frameworks/HIServices.framework/Versions/A/HIServices
0x000000019244b000 	/System/Library/Frameworks/ApplicationServices.framework/Versions/A/Frameworks/PrintCore.framework/Versions/A/PrintCore
0x0000000193bf5000 	/System/Library/Frameworks/ApplicationServices.framework/Versions/A/Frameworks/QD.framework/Versions/A/QD
0x0000000193be9000 	/System/Library/Frameworks/ApplicationServices.framework/Versions/A/Frameworks/ColorSyncLegacy.framework/Versions/A/ColorSyncLegacy
0x00000001937dc000 	/System/Library/Frameworks/ApplicationServices.framework/Versions/A/Frameworks/SpeechSynthesis.framework/Versions/A/SpeechSynthesis
0x0000000192408000 	/System/Library/Frameworks/ApplicationServices.framework/Versions/A/Frameworks/ATSUI.framework/Versions/A/ATSUI
0x0000000193b7c000 	/usr/lib/libcups.2.dylib
0x0000000193f65000 	/System/Library/Frameworks/Kerberos.framework/Versions/A/Kerberos
0x0000000193f76000 	/System/Library/Frameworks/GSS.framework/Versions/A/GSS
0x000000019388b000 	/usr/lib/libresolv.9.dylib
0x0000000191a12000 	/System/Library/PrivateFrameworks/Heimdal.framework/Versions/A/Heimdal
0x000000019b2a7000 	/System/Library/Frameworks/Kerberos.framework/Versions/A/Libraries/libHeimdalProxy.dylib
0x0000000193fd0000 	/System/Library/PrivateFrameworks/CommonAuth.framework/Versions/A/CommonAuth
0x00000001ed246000 	/System/Library/Frameworks/AVFAudio.framework/Versions/A/AVFAudio
0x00000001a3008000 	/System/Library/PrivateFrameworks/AXCoreUtilities.framework/Versions/A/AXCoreUtilities
0x0000000193748000 	/System/Library/PrivateFrameworks/AudioSession.framework/Versions/A/AudioSession
0x000000019519a000 	/System/Library/Frameworks/IOBluetooth.framework/Versions/A/IOBluetooth
0x00000001918e5000 	/System/Library/PrivateFrameworks/MediaExperience.framework/Versions/A/MediaExperience
0x000000019358c000 	/System/Library/PrivateFrameworks/AudioSession.framework/libSessionUtility.dylib
0x0000000193c01000 	/System/Library/PrivateFrameworks/AudioResourceArbitration.framework/Versions/A/AudioResourceArbitration
0x0000000198223000 	/System/Library/PrivateFrameworks/PowerLog.framework/Versions/A/PowerLog
0x0000000198146000 	/System/Library/Frameworks/CoreBluetooth.framework/Versions/A/CoreBluetooth
0x000000019b2a8000 	/System/Library/Frameworks/AudioUnit.framework/Versions/A/AudioUnit
0x000000018f24a000 	/System/Library/PrivateFrameworks/CoreUtils.framework/Versions/A/CoreUtils
0x00000001fb207000 	/System/Library/PrivateFrameworks/CoreUtilsExtras.framework/Versions/A/CoreUtilsExtras
0x0000000205a3a000 	/System/Library/PrivateFrameworks/IO80211.framework/Versions/A/IO80211
0x00000001a3023000 	/usr/lib/libAccessibility.dylib
0x000000019784a000 	/System/Library/Frameworks/MediaAccessibility.framework/Versions/A/MediaAccessibility
0x0000000198dc2000 	/System/Library/PrivateFrameworks/FrontBoardServices.framework/Versions/A/FrontBoardServices
0x000000019a891000 	/System/Library/PrivateFrameworks/BackBoardServices.framework/Versions/A/BackBoardServices
0x0000000198e7c000 	/System/Library/PrivateFrameworks/BoardServices.framework/Versions/A/BoardServices
0x000000019184c000 	/System/Library/PrivateFrameworks/IconFoundation.framework/Versions/A/IconFoundation
0x00000001970e2000 	/System/Library/PrivateFrameworks/SpeechRecognitionCore.framework/Versions/A/SpeechRecognitionCore
0x00000001c6c82000 	/System/Library/Frameworks/OSLog.framework/Versions/A/OSLog
0x00000001a81ca000 	/System/Library/PrivateFrameworks/LoggingSupport.framework/Versions/A/LoggingSupport
0x0000000106430000 	/Library/Java/JavaVirtualMachines/jdk-21.jdk/Contents/Home/lib/server/libjvm.dylib
0x0000000104eac000 	/Library/Java/JavaVirtualMachines/jdk-21.jdk/Contents/Home/lib/libjimage.dylib
0x0000000104ef0000 	/Library/Java/JavaVirtualMachines/jdk-21.jdk/Contents/Home/lib/libjava.dylib
0x00000001051a0000 	/Library/Java/JavaVirtualMachines/jdk-21.jdk/Contents/Home/lib/libnio.dylib
0x0000000105180000 	/Library/Java/JavaVirtualMachines/jdk-21.jdk/Contents/Home/lib/libnet.dylib
0x000000012486c000 	/Library/Java/JavaVirtualMachines/jdk-21.jdk/Contents/Home/lib/libawt.dylib
0x00000001063a8000 	/Library/Java/JavaVirtualMachines/jdk-21.jdk/Contents/Home/lib/libmlib_image.dylib
0x00000001ef06c000 	/System/Library/Frameworks/JavaRuntimeSupport.framework/Versions/A/JavaRuntimeSupport
0x00000001a6fa6000 	/System/Library/Frameworks/Carbon.framework/Versions/A/Carbon
0x000000019f396000 	/System/Library/Frameworks/Carbon.framework/Versions/A/Frameworks/CommonPanels.framework/Versions/A/CommonPanels
0x000000019abc9000 	/System/Library/Frameworks/Carbon.framework/Versions/A/Frameworks/Help.framework/Versions/A/Help
0x000000019f39a000 	/System/Library/Frameworks/Carbon.framework/Versions/A/Frameworks/ImageCapture.framework/Versions/A/ImageCapture
0x000000019f36e000 	/System/Library/Frameworks/Carbon.framework/Versions/A/Frameworks/OpenScripting.framework/Versions/A/OpenScripting
0x000000019f392000 	/System/Library/Frameworks/Carbon.framework/Versions/A/Frameworks/Ink.framework/Versions/A/Ink
0x000000019f38e000 	/System/Library/Frameworks/Carbon.framework/Versions/A/Frameworks/SecurityHI.framework/Versions/A/SecurityHI
0x0000000124a3c000 	/Library/Java/JavaVirtualMachines/jdk-21.jdk/Contents/Home/lib/libawt_lwawt.dylib
0x00000001051e8000 	/Library/Java/JavaVirtualMachines/jdk-21.jdk/Contents/Home/lib/libosxapp.dylib
0x00000001a60d5000 	/System/Library/Frameworks/ExceptionHandling.framework/Versions/A/ExceptionHandling
0x0000000105210000 	/Library/Java/JavaVirtualMachines/jdk-21.jdk/Contents/Home/lib/libzip.dylib
0x0000000124d5c000 	/Library/Java/JavaVirtualMachines/jdk-21.jdk/Contents/Home/lib/libfontmanager.dylib
0x0000000124b60000 	/Library/Java/JavaVirtualMachines/jdk-21.jdk/Contents/Home/lib/libfreetype.dylib
0x0000000198468000 	/System/Library/Frameworks/FileProvider.framework/Versions/A/FileProvider
0x000000018a560000 	/System/Library/Frameworks/Accounts.framework/Versions/A/Accounts
0x000000019860d000 	/System/Library/PrivateFrameworks/GenerationalStorage.framework/Versions/A/GenerationalStorage
0x0000000198217000 	/System/Library/PrivateFrameworks/SymptomDiagnosticReporter.framework/Versions/A/SymptomDiagnosticReporter
0x0000000188488000 	/System/Library/PrivateFrameworks/DesktopServicesPriv.framework/Versions/A/DesktopServicesPriv
0x0000000186f52000 	/usr/lib/libsandbox.1.dylib
0x0000000193bdc000 	/System/Library/PrivateFrameworks/NetAuth.framework/Versions/A/NetAuth
0x0000000194e16000 	/System/Library/PrivateFrameworks/Sharing.framework/Versions/A/Sharing
0x000000018c122000 	/System/Library/PrivateFrameworks/login.framework/Versions/A/Frameworks/loginsupport.framework/Versions/A/loginsupport
0x000000019a6ca000 	/System/Library/PrivateFrameworks/Apple80211.framework/Versions/A/Apple80211
0x000000018fbea000 	/System/Library/PrivateFrameworks/AuthKit.framework/Versions/A/AuthKit
0x000000018f1cd000 	/System/Library/Frameworks/CoreWLAN.framework/Versions/A/CoreWLAN
0x00000001a8281000 	/usr/lib/swift/libswiftCoreAudio.dylib
0x00000001ad332000 	/usr/lib/swift/libswiftCoreLocation.dylib
0x00000001915ae000 	/usr/lib/libIOReport.dylib
0x000000019a6ce000 	/System/Library/PrivateFrameworks/CoreWiFi.framework/Versions/A/CoreWiFi
0x00000001cda08000 	/System/Library/PrivateFrameworks/WiFiPeerToPeer.framework/Versions/A/WiFiPeerToPeer
0x000000018fd7f000 	/System/Library/Frameworks/UserNotifications.framework/Versions/A/UserNotifications
0x0000000194107000 	/System/Library/PrivateFrameworks/CorePhoneNumbers.framework/Versions/A/CorePhoneNumbers
0x00000001938b8000 	/System/Library/PrivateFrameworks/MultiverseSupport.framework/Versions/A/MultiverseSupport
0x000000019ab1f000 	/System/Library/PrivateFrameworks/RemoteServiceDiscovery.framework/Versions/A/RemoteServiceDiscovery
0x0000000198344000 	/System/Library/PrivateFrameworks/DiskManagement.framework/Versions/A/DiskManagement
0x000000019824b000 	/System/Library/PrivateFrameworks/AppleIDAuthSupport.framework/Versions/A/AppleIDAuthSupport
0x00000001f3da3000 	/System/Library/PrivateFrameworks/AAAFoundation.framework/Versions/A/AAAFoundation
0x00000001940df000 	/System/Library/PrivateFrameworks/KeychainCircle.framework/Versions/A/KeychainCircle
0x000000019ab33000 	/System/Library/PrivateFrameworks/RemoteXPC.framework/Versions/A/RemoteXPC
0x000000019abd5000 	/usr/lib/libcsfde.dylib
0x0000000191756000 	/usr/lib/libCoreStorage.dylib
0x0000000198310000 	/System/Library/PrivateFrameworks/MediaKit.framework/Versions/A/MediaKit
0x0000000198258000 	/System/Library/Frameworks/DiscRecording.framework/Versions/A/DiscRecording
0x0000000195279000 	/System/Library/PrivateFrameworks/ProtectedCloudStorage.framework/Versions/A/ProtectedCloudStorage
0x000000019abcd000 	/System/Library/PrivateFrameworks/EFILogin.framework/Versions/A/EFILogin
0x0000000198635000 	/System/Library/PrivateFrameworks/OctagonTrust.framework/Versions/A/OctagonTrust
0x000000018d702000 	/System/Library/Frameworks/CoreLocation.framework/Versions/A/CoreLocation
0x0000000195534000 	/System/Library/PrivateFrameworks/GeoServices.framework/Versions/A/GeoServices
0x0000000193556000 	/System/Library/PrivateFrameworks/LocationSupport.framework/Versions/A/LocationSupport
0x00000002029c1000 	/System/Library/PrivateFrameworks/GeoServicesCore.framework/Versions/A/GeoServicesCore
0x00000001a2ffd000 	/System/Library/PrivateFrameworks/PhoneNumbers.framework/Versions/A/PhoneNumbers
0x000000019174e000 	/usr/lib/libMatch.1.dylib
0x00000001b0b5d000 	/System/Library/CoreServices/RawCamera.bundle/Contents/MacOS/RawCamera
0x0000000193fe3000 	/System/Library/PrivateFrameworks/MobileAsset.framework/Versions/A/MobileAsset
0x00000001f5aa7000 	/System/Library/PrivateFrameworks/AppleJPEGXL.framework/Versions/A/AppleJPEGXL
0x00000001adca6000 	/System/Library/PrivateFrameworks/SoftwareUpdateCoreSupport.framework/Versions/A/SoftwareUpdateCoreSupport
0x00000001b50ca000 	/System/Library/PrivateFrameworks/SoftwareUpdateCoreConnect.framework/Versions/A/SoftwareUpdateCoreConnect
0x000000019b2ce000 	/System/Library/PrivateFrameworks/StreamingZip.framework/Versions/A/StreamingZip
0x00000001ad962000 	/System/Library/PrivateFrameworks/MSUDataAccessor.framework/Versions/A/MSUDataAccessor
0x00000001a9c56000 	/usr/lib/libbootpolicy.dylib
0x00000001bba9e000 	/usr/lib/libpartition2_dynamic.dylib
0x00000001f7044000 	/System/Library/PrivateFrameworks/CMPhoto.framework/Versions/A/CMPhoto
0x000000019265c000 	/System/Library/Frameworks/MediaToolbox.framework/Versions/A/MediaToolbox
0x0000000198434000 	/System/Library/PrivateFrameworks/CoreAVCHD.framework/Versions/A/CoreAVCHD
0x0000000198430000 	/System/Library/PrivateFrameworks/Mangrove.framework/Versions/A/Mangrove
0x0000000198a36000 	/System/Library/Frameworks/CoreTelephony.framework/Versions/A/CoreTelephony
0x0000000198424000 	/System/Library/PrivateFrameworks/CoreAUC.framework/Versions/A/CoreAUC
0x0000000194111000 	/usr/lib/libTelephonyUtilDynamic.dylib
0x00000001ad318000 	/System/Library/Frameworks/Accelerate.framework/Versions/A/Frameworks/vImage.framework/Versions/A/Libraries/libCGInterfaces.dylib
0x0000000124fe0000 	/usr/lib/libobjc-trampolines.dylib
0x000000022124b000 	/usr/lib/libAccessibilityBaseImplementations.dylib
0x0000000191ae2000 	/System/Library/PrivateFrameworks/login.framework/Versions/A/login
0x0000000198f92000 	/System/Library/Frameworks/LocalAuthentication.framework/Versions/A/LocalAuthentication
0x0000000198fd9000 	/System/Library/Frameworks/LocalAuthentication.framework/Support/SharedUtils.framework/Versions/A/SharedUtils
0x0000000198f2f000 	/System/Library/Frameworks/CryptoTokenKit.framework/Versions/A/CryptoTokenKit
0x000000018be06000 	/System/Library/PrivateFrameworks/ViewBridge.framework/Versions/A/ViewBridge
0x000000012cfc8000 	/Library/Java/JavaVirtualMachines/jdk-21.jdk/Contents/Home/lib/libosxui.dylib
0x00000001e9964000 	/System/Library/Extensions/AGXMetalG13X.bundle/Contents/MacOS/AGXMetalG13X
0x00000001a1f68000 	/System/Library/PrivateFrameworks/IOGPU.framework/Versions/A/IOGPU
0x00000002152f5000 	/System/Library/PrivateFrameworks/TextInputUI.framework/Versions/A/TextInputUI
0x00000002152fd000 	/System/Library/PrivateFrameworks/TextInputUIMacHelper.framework/Versions/A/TextInputUIMacHelper
0x0000000197883000 	/System/Library/PrivateFrameworks/SystemAdministration.framework/Versions/A/SystemAdministration
0x00000001970aa000 	/System/Library/Frameworks/DirectoryService.framework/Versions/A/DirectoryService
0x000000019aa1f000 	/System/Library/PrivateFrameworks/DiskImages.framework/Versions/A/DiskImages
0x000000018f4a1000 	/System/Library/Frameworks/ServiceManagement.framework/Versions/A/ServiceManagement
0x000000019ac57000 	/System/Library/PrivateFrameworks/LoginUIKit.framework/Versions/A/Frameworks/LoginUICore.framework/Versions/A/LoginUICore
0x0000000191cae000 	/usr/lib/libodfde.dylib
0x000000019abe1000 	/usr/lib/libcurl.4.dylib
0x00000002218c9000 	/usr/lib/libcrypto.46.dylib
0x0000000222572000 	/usr/lib/libssl.48.dylib
0x000000019a8b5000 	/System/Library/Frameworks/LDAP.framework/Versions/A/LDAP
0x000000019a8f1000 	/System/Library/PrivateFrameworks/TrustEvaluationAgent.framework/Versions/A/TrustEvaluationAgent
0x00000001938a4000 	/usr/lib/libsasl2.2.dylib
0x00000001f4652000 	/System/Library/PrivateFrameworks/AccessibilityBundles.framework/Versions/A/AccessibilityBundles


VM Arguments:
jvm_args: -Dfile.encoding=UTF-8 -Dstdout.encoding=UTF-8 -Dstderr.encoding=UTF-8 -XX:+ShowCodeDetailsInExceptionMessages 
java_command: main.MainClass
java_class_path (initial): /Users/Kazuki/Documents/ComSci/JavaOOP114/ToysJourney/bin
Launcher Type: SUN_STANDARD

[Global flags]
     intx CICompilerCount                          = 4                                         {product} {ergonomic}
     uint ConcGCThreads                            = 2                                         {product} {ergonomic}
     uint G1ConcRefinementThreads                  = 9                                         {product} {ergonomic}
   size_t G1HeapRegionSize                         = 2097152                                   {product} {ergonomic}
    uintx GCDrainStackTargetSize                   = 64                                        {product} {ergonomic}
   size_t InitialHeapSize                          = 268435456                                 {product} {ergonomic}
   size_t MarkStackSize                            = 4194304                                   {product} {ergonomic}
   size_t MaxHeapSize                              = 4294967296                                {product} {ergonomic}
   size_t MaxNewSize                               = 2575302656                                {product} {ergonomic}
   size_t MinHeapDeltaBytes                        = 2097152                                   {product} {ergonomic}
   size_t MinHeapSize                              = 8388608                                   {product} {ergonomic}
    uintx NonNMethodCodeHeapSize                   = 5839564                                {pd product} {ergonomic}
    uintx NonProfiledCodeHeapSize                  = 122909338                              {pd product} {ergonomic}
    uintx ProfiledCodeHeapSize                     = 122909338                              {pd product} {ergonomic}
    uintx ReservedCodeCacheSize                    = 251658240                              {pd product} {ergonomic}
     bool SegmentedCodeCache                       = true                                      {product} {ergonomic}
     bool ShowCodeDetailsInExceptionMessages       = true                                   {manageable} {command line}
   size_t SoftMaxHeapSize                          = 4294967296                             {manageable} {ergonomic}
     bool UseCompressedOops                        = true                           {product lp64_product} {ergonomic}
     bool UseG1GC                                  = true                                      {product} {ergonomic}
     bool UseNUMA                                  = false                                     {product} {ergonomic}
     bool UseNUMAInterleaving                      = false                                     {product} {ergonomic}

Logging:
Log output configuration:
 #0: stdout all=warning uptime,level,tags foldmultilines=false
 #1: stderr all=off uptime,level,tags foldmultilines=false

Environment Variables:
PATH=/usr/bin:/bin:/usr/sbin:/sbin
SHELL=/bin/zsh
TMPDIR=/var/folders/w9/6b8gwjtj5qv9p9blvr7t2ww80000gn/T/

Active Locale:
LC_ALL=C
LC_COLLATE=C
LC_CTYPE=C
LC_MESSAGES=C
LC_MONETARY=C
LC_NUMERIC=C
LC_TIME=C

Signal Handlers:
   SIGSEGV: crash_handler in libjvm.dylib, mask=11100110000111110111111111111111, flags=SA_ONSTACK|SA_RESTART|SA_SIGINFO, unblocked
    SIGBUS: crash_handler in libjvm.dylib, mask=11100110000111110111111111111111, flags=SA_RESTART|SA_SIGINFO, unblocked
    SIGFPE: crash_handler in libjvm.dylib, mask=11100110000111110111111111111111, flags=SA_RESTART|SA_SIGINFO, unblocked
   SIGPIPE: javaSignalHandler in libjvm.dylib, mask=11100110000111110111111111111111, flags=SA_RESTART|SA_SIGINFO, blocked
   SIGXFSZ: javaSignalHandler in libjvm.dylib, mask=11100110000111110111111111111111, flags=SA_RESTART|SA_SIGINFO, blocked
    SIGILL: crash_handler in libjvm.dylib, mask=11100110000111110111111111111111, flags=SA_RESTART|SA_SIGINFO, unblocked
   SIGUSR2: SR_handler in libjvm.dylib, mask=00000000000000000000000000000000, flags=SA_RESTART|SA_SIGINFO, blocked
    SIGHUP: UserHandler in libjvm.dylib, mask=11100110000111110111111111111111, flags=SA_RESTART|SA_SIGINFO, blocked
    SIGINT: UserHandler in libjvm.dylib, mask=11100110000111110111111111111111, flags=SA_RESTART|SA_SIGINFO, blocked
   SIGTERM: UserHandler in libjvm.dylib, mask=11100110000111110111111111111111, flags=SA_RESTART|SA_SIGINFO, blocked
   SIGQUIT: UserHandler in libjvm.dylib, mask=11100110000111110111111111111111, flags=SA_RESTART|SA_SIGINFO, blocked
   SIGTRAP: crash_handler in libjvm.dylib, mask=11100110000111110111111111111111, flags=SA_RESTART|SA_SIGINFO, unblocked


Periodic native trim disabled

---------------  S Y S T E M  ---------------

OS:
uname: Darwin 23.1.0 Darwin Kernel Version 23.1.0: Mon Oct  9 21:27:24 PDT 2023; root:xnu-10002.41.9~6/RELEASE_ARM64_T6000 arm64
OS uptime: 11 days 1:26 hours
rlimit (soft/hard): STACK 8176k/65520k , CORE 0k/infinity , NPROC 2666/4000 , NOFILE 12544/infinity , AS infinity/infinity , CPU infinity/infinity , DATA infinity/infinity , FSIZE infinity/infinity , MEMLOCK infinity/infinity , RSS infinity/infinity
load average: 9.06 13.27 11.50

CPU: total 10 (initial active 10) 0x61:0x0:0x1b588bb3:0, fp, asimd, aes, pmull, sha1, sha256, crc32, lse, sha3, sha512
machdep.cpu.brand_string:Apple M1 Pro
hw.cachelinesize:128
hw.l1icachesize:131072
hw.l1dcachesize:65536
hw.l2cachesize:4194304

Memory: 16k page, physical 16777216k(18000k free), swap 4194304k(1007040k free)

vm_info: Java HotSpot(TM) 64-Bit Server VM (21.0.1+12-LTS-29) for bsd-aarch64 JRE (21.0.1+12-LTS-29), built on 2023-10-05T13:27:09Z by "mach5one" with clang Apple LLVM 12.0.0 (clang-1200.0.32.29)

END.
